<?xml version="1.0" encoding="UTF-8"?>
<testsuite xmlns:xsi="http://www.w3.org/2001/XMLSchema-instance" xsi:noNamespaceSchemaLocation="https://maven.apache.org/surefire/maven-surefire-plugin/xsd/surefire-test-report.xsd" version="3.0.2" name="com.example.todo.api.TodoApiControllerIntegrationTest" time="0.222" tests="7" errors="0" skipped="0" failures="0" flakes="0">
  <properties>
[...]
</properties>
  <testcase name="getProgressSummary_ReturnsOverallAndCategoryRates" classname="com.example.todo.api.TodoApiControllerIntegrationTest" time="0.065">
    <system-out><![CDATA[2026-06-29T10:21:48.801+09:00 DEBUG 7059 --- [todo] [           main] .b.t.c.SpringBootTestContextBootstrapper : Neither @ContextConfiguration nor @ContextHierarchy found for test class [TodoApiControllerIntegrationTest]: using SpringBootContextLoader
2026-06-29T10:21:48.801+09:00  INFO 7059 --- [todo] [           main] t.c.s.AnnotationConfigContextLoaderUtils : Could not detect default configuration classes for test class [com.example.todo.api.TodoApiControllerIntegrationTest]: TodoApiControllerIntegrationTest does not declare any static, non-private, non-final, nested classes annotated with @Configuration.
2026-06-29T10:21:48.801+09:00 DEBUG 7059 --- [todo] [           main] .b.t.c.SpringBootTestContextBootstrapper : Using ContextCustomizerFactory implementations for test class [TodoApiControllerIntegrationTest]: [ImportsContextCustomizerFactory, ExcludeFilterContextCustomizerFactory, HttpGraphQlTesterContextCustomizerFactory, DuplicateJsonObjectContextCustomizerFactory, MockitoContextCustomizerFactory, TestRestTemplateContextCustomizerFactory, WebTestClientContextCustomizerFactory, DisableReactorResourceFactoryGlobalResourcesContextCustomizerFactory, OnFailureConditionReportContextCustomizerFactory, OverrideAutoConfigurationContextCustomizerFactory, ObservabilityContextCustomizerFactory, TypeExcludeFiltersContextCustomizerFactory, PropertyMappingContextCustomizerFactory, WebDriverContextCustomizerFactory, BeanOverrideContextCustomizerFactory, MockServerContainerContextCustomizerFactory, DynamicPropertiesContextCustomizerFactory]
2026-06-29T10:21:48.802+09:00 DEBUG 7059 --- [todo] [           main] .b.t.c.SpringBootTestContextBootstrapper : Using ContextCustomizers for test class [TodoApiControllerIntegrationTest]: [ImportsContextCustomizer, ExcludeFilterContextCustomizer, DuplicateJsonObjectContextCustomizer, MockitoContextCustomizer, TestRestTemplateContextCustomizer, DisableReactorResourceFactoryGlobalResourcesContextCustomizerCustomizer, OnFailureConditionReportContextCustomizer, DisableObservabilityContextCustomizer, PropertyMappingContextCustomizer, WebDriverContextCustomizer, DynamicPropertiesContextCustomizer]
2026-06-29T10:21:48.806+09:00  INFO 7059 --- [todo] [           main] .b.t.c.SpringBootTestContextBootstrapper : Found @SpringBootConfiguration com.example.todo.TodoApplication for test class com.example.todo.api.TodoApiControllerIntegrationTest
2026-06-29T10:21:48.807+09:00 DEBUG 7059 --- [todo] [           main] .b.t.c.SpringBootTestContextBootstrapper : Using TestExecutionListeners for test class [TodoApiControllerIntegrationTest]: [ServletTestExecutionListener, DirtiesContextBeforeModesTestExecutionListener, ApplicationEventsTestExecutionListener, MockitoTestExecutionListener, BeanOverrideTestExecutionListener, DependencyInjectionTestExecutionListener, DirtiesContextTestExecutionListener, CommonCachesTestExecutionListener, TransactionalTestExecutionListener, SqlScriptsTestExecutionListener, EventPublishingTestExecutionListener, WithSecurityContextTestExecutionListener, ReactorContextTestExecutionListener, ResetMocksTestExecutionListener, RestDocsTestExecutionListener, MockRestServiceServerResetTestExecutionListener, MockMvcPrintOnlyOnFailureTestExecutionListener, WebDriverTestExecutionListener, MockWebServiceServerTestExecutionListener, MockitoResetTestExecutionListener]
2026-06-29T10:21:48.813+09:00 DEBUG 7059 --- [todo] [           main] o.s.jdbc.core.JdbcTemplate               : Executing prepared SQL update
2026-06-29T10:21:48.813+09:00 DEBUG 7059 --- [todo] [           main] o.s.jdbc.core.JdbcTemplate               : Executing prepared SQL statement [MERGE INTO users (id, username, password, role, enabled) KEY(id) VALUES (?, ?, ?, ?, ?)]
2026-06-29T10:21:48.817+09:00 DEBUG 7059 --- [todo] [           main] o.s.jdbc.core.JdbcTemplate               : Executing prepared SQL update
2026-06-29T10:21:48.817+09:00 DEBUG 7059 --- [todo] [           main] o.s.jdbc.core.JdbcTemplate               : Executing prepared SQL statement [INSERT INTO todos (title, author, user_id, priority, category_id, deadline, completed) VALUES (?, ?, ?, ?, ?, ?, ?)]
2026-06-29T10:21:48.817+09:00 DEBUG 7059 --- [todo] [           main] o.s.jdbc.core.JdbcTemplate               : Executing prepared SQL update
2026-06-29T10:21:48.817+09:00 DEBUG 7059 --- [todo] [           main] o.s.jdbc.core.JdbcTemplate               : Executing prepared SQL statement [INSERT INTO todos (title, author, user_id, priority, category_id, deadline, completed) VALUES (?, ?, ?, ?, ?, ?, ?)]
2026-06-29T10:21:48.817+09:00 DEBUG 7059 --- [todo] [           main] o.s.jdbc.core.JdbcTemplate               : Executing prepared SQL update
2026-06-29T10:21:48.817+09:00 DEBUG 7059 --- [todo] [           main] o.s.jdbc.core.JdbcTemplate               : Executing prepared SQL statement [INSERT INTO todos (title, author, user_id, priority, category_id, deadline, completed) VALUES (?, ?, ?, ?, ?, ?, ?)]
2026-06-29T10:21:48.818+09:00 DEBUG 7059 --- [todo] [           main] s.w.s.m.m.a.RequestMappingHandlerMapping : Mapped to com.example.todo.api.TodoApiController#getProgressSummary(UserDetails)
2026-06-29T10:21:48.819+09:00  INFO 7059 --- [todo] [           main] com.example.todo.aspect.LoggingAspect    : [Before] method=LabelColorService.resolveForUser(..) args=[1]
2026-06-29T10:21:48.819+09:00  INFO 7059 --- [todo] [           main] c.example.todo.aspect.PerformanceAspect  : [Around] method=LabelColorService.resolveForUser(..) elapsedMs=0.135
2026-06-29T10:21:48.819+09:00  INFO 7059 --- [todo] [           main] com.example.todo.aspect.LoggingAspect    : [AfterReturning] method=LabelColorService.resolveForUser(..) return={statusCompleted=#198754, priorityMedium=#ffc107, priorityLow=#198754, statusOpen=#6c757d, priorityHigh=#dc3545}
2026-06-29T10:21:48.839+09:00  INFO 7059 --- [todo] [           main] com.example.todo.aspect.LoggingAspect    : [Before] method=TodoService.findAll(..) args=[1]
2026-06-29T10:21:48.841+09:00  INFO 7059 --- [todo] [           main] c.example.todo.aspect.PerformanceAspect  : [Around] method=TodoService.findAll(..) elapsedMs=1.592
2026-06-29T10:21:48.841+09:00  INFO 7059 --- [todo] [           main] com.example.todo.aspect.LoggingAspect    : [AfterReturning] method=TodoService.findAll(..) return=[Todo{id=28, title='カテゴリ1完了', author='tester', userId=1, priority=LOW, categoryId=1, deadline=2099-12-31, status=TODO, completed=true}, Todo{id=29, title='カテゴリ1未完了', author='tester', userId=1, priority=MEDIUM, categoryId=1, deadline=2099-12-31, status=TODO, completed=false}, Todo{id=30, title='カテゴリ2未完了', author='tester', userId=1, priority=HIGH, categoryId=2, deadline=2099-12-31, status=TODO, completed=false}]
2026-06-29T10:21:48.842+09:00  INFO 7059 --- [todo] [           main] com.example.todo.aspect.LoggingAspect    : [Before] method=CategoryService.findAll() args=[]
2026-06-29T10:21:48.843+09:00  INFO 7059 --- [todo] [           main] c.example.todo.aspect.PerformanceAspect  : [Around] method=CategoryService.findAll() elapsedMs=0.567
2026-06-29T10:21:48.843+09:00  INFO 7059 --- [todo] [           main] com.example.todo.aspect.LoggingAspect    : [AfterReturning] method=CategoryService.findAll() return=[Category(id=1, name=仕事, color=#0d6efd), Category(id=2, name=学習, color=#fd7e14), Category(id=3, name=個人, color=#198754)]
2026-06-29T10:21:48.846+09:00 DEBUG 7059 --- [todo] [           main] o.s.w.s.m.m.a.HttpEntityMethodProcessor  : Using 'application/json', given [*/*] and supported [application/json]
2026-06-29T10:21:48.850+09:00 DEBUG 7059 --- [todo] [           main] o.s.w.s.m.m.a.HttpEntityMethodProcessor  : Writing [ProgressSummaryResponse[totalCount=3, completedCount=1, completionRate=33, barColor=#ffc107, categor (truncated)...]
]]></system-out>
  </testcase>
  <testcase name="getCategoryStats_ReturnsGroupedCounts" classname="com.example.todo.api.TodoApiControllerIntegrationTest" time="0.011">
    <system-out><![CDATA[2026-06-29T10:21:48.877+09:00 DEBUG 7059 --- [todo] [           main] o.s.jdbc.core.JdbcTemplate               : Executing prepared SQL update
2026-06-29T10:21:48.877+09:00 DEBUG 7059 --- [todo] [           main] o.s.jdbc.core.JdbcTemplate               : Executing prepared SQL statement [MERGE INTO users (id, username, password, role, enabled) KEY(id) VALUES (?, ?, ?, ?, ?)]
2026-06-29T10:21:48.878+09:00 DEBUG 7059 --- [todo] [           main] o.s.jdbc.core.JdbcTemplate               : Executing prepared SQL update
2026-06-29T10:21:48.878+09:00 DEBUG 7059 --- [todo] [           main] o.s.jdbc.core.JdbcTemplate               : Executing prepared SQL statement [INSERT INTO todos (title, author, user_id, priority, category_id, deadline, completed) VALUES (?, ?, ?, ?, ?, ?, ?)]
2026-06-29T10:21:48.878+09:00 DEBUG 7059 --- [todo] [           main] o.s.jdbc.core.JdbcTemplate               : Executing prepared SQL update
2026-06-29T10:21:48.878+09:00 DEBUG 7059 --- [todo] [           main] o.s.jdbc.core.JdbcTemplate               : Executing prepared SQL statement [INSERT INTO todos (title, author, user_id, priority, category_id, deadline, completed) VALUES (?, ?, ?, ?, ?, ?, ?)]
2026-06-29T10:21:48.878+09:00 DEBUG 7059 --- [todo] [           main] o.s.jdbc.core.JdbcTemplate               : Executing prepared SQL update
2026-06-29T10:21:48.878+09:00 DEBUG 7059 --- [todo] [           main] o.s.jdbc.core.JdbcTemplate               : Executing prepared SQL statement [INSERT INTO todos (title, author, user_id, priority, category_id, deadline, completed) VALUES (?, ?, ?, ?, ?, ?, ?)]
2026-06-29T10:21:48.879+09:00 DEBUG 7059 --- [todo] [           main] s.w.s.m.m.a.RequestMappingHandlerMapping : Mapped to com.example.todo.api.TodoApiController#getCategoryStats(UserDetails)
2026-06-29T10:21:48.879+09:00  INFO 7059 --- [todo] [           main] com.example.todo.aspect.LoggingAspect    : [Before] method=LabelColorService.resolveForUser(..) args=[1]
2026-06-29T10:21:48.880+09:00  INFO 7059 --- [todo] [           main] c.example.todo.aspect.PerformanceAspect  : [Around] method=LabelColorService.resolveForUser(..) elapsedMs=0.189
2026-06-29T10:21:48.880+09:00  INFO 7059 --- [todo] [           main] com.example.todo.aspect.LoggingAspect    : [AfterReturning] method=LabelColorService.resolveForUser(..) return={statusCompleted=#198754, priorityMedium=#ffc107, priorityLow=#198754, statusOpen=#6c757d, priorityHigh=#dc3545}
2026-06-29T10:21:48.883+09:00 DEBUG 7059 --- [todo] [           main] o.s.w.s.m.m.a.HttpEntityMethodProcessor  : Using 'application/json', given [*/*] and supported [application/json]
2026-06-29T10:21:48.883+09:00 DEBUG 7059 --- [todo] [           main] o.s.w.s.m.m.a.HttpEntityMethodProcessor  : Writing [[com.example.todo.model.CategoryTaskCount@378456cb, com.example.todo.model.CategoryTaskCount@5295779 (truncated)...]
]]></system-out>
  </testcase>
  <testcase name="create_InvalidPayload_Returns400Envelope" classname="com.example.todo.api.TodoApiControllerIntegrationTest" time="0.044">
    <system-out><![CDATA[2026-06-29T10:21:48.888+09:00 DEBUG 7059 --- [todo] [           main] o.s.jdbc.core.JdbcTemplate               : Executing prepared SQL update
2026-06-29T10:21:48.889+09:00 DEBUG 7059 --- [todo] [           main] o.s.jdbc.core.JdbcTemplate               : Executing prepared SQL statement [MERGE INTO users (id, username, password, role, enabled) KEY(id) VALUES (?, ?, ?, ?, ?)]
2026-06-29T10:21:48.890+09:00 DEBUG 7059 --- [todo] [           main] s.w.s.m.m.a.RequestMappingHandlerMapping : Mapped to com.example.todo.api.TodoApiController#create(TodoApiRequest)
2026-06-29T10:21:48.891+09:00  INFO 7059 --- [todo] [           main] com.example.todo.aspect.LoggingAspect    : [Before] method=LabelColorService.resolveForUser(..) args=[null]
2026-06-29T10:21:48.891+09:00  INFO 7059 --- [todo] [           main] c.example.todo.aspect.PerformanceAspect  : [Around] method=LabelColorService.resolveForUser(..) elapsedMs=0.010
2026-06-29T10:21:48.891+09:00  INFO 7059 --- [todo] [           main] com.example.todo.aspect.LoggingAspect    : [AfterReturning] method=LabelColorService.resolveForUser(..) return={statusCompleted=#198754, priorityMedium=#ffc107, priorityLow=#198754, statusOpen=#6c757d, priorityHigh=#dc3545}
2026-06-29T10:21:48.897+09:00 DEBUG 7059 --- [todo] [           main] m.m.a.RequestResponseBodyMethodProcessor : Read "application/json;charset=UTF-8" to [TodoApiRequest(title=, author=, priority=null, categoryId=null, deadline=null, completed=null)]
2026-06-29T10:21:48.916+09:00 DEBUG 7059 --- [todo] [           main] .m.m.a.ExceptionHandlerExceptionResolver : Using @ExceptionHandler com.example.todo.api.ApiExceptionHandler#handleValidation(MethodArgumentNotValidException)
2026-06-29T10:21:48.916+09:00  WARN 7059 --- [todo] [           main] c.example.todo.api.ApiExceptionHandler   : API validation error: {priority=優先度は必須です, title=タイトルは必須です, categoryId=カテゴリは必須です, author=作成者は必須です}

org.springframework.web.bind.MethodArgumentNotValidException: Validation failed for argument [0] in public org.springframework.http.ResponseEntity<com.example.todo.api.ApiResponse<com.example.todo.model.Todo>> com.example.todo.api.TodoApiController.create(com.example.todo.api.TodoApiRequest) with 4 errors: [Field error in object 'todoApiRequest' on field 'priority': rejected value [null]; codes [NotNull.todoApiRequest.priority,NotNull.priority,NotNull.com.example.todo.model.Priority,NotNull]; arguments [org.springframework.context.support.DefaultMessageSourceResolvable: codes [todoApiRequest.priority,priority]; arguments []; default message [priority]]; default message [優先度は必須です]] [Field error in object 'todoApiRequest' on field 'title': rejected value []; codes [NotBlank.todoApiRequest.title,NotBlank.title,NotBlank.java.lang.String,NotBlank]; arguments [org.springframework.context.support.DefaultMessageSourceResolvable: codes [todoApiRequest.title,title]; arguments []; default message [title]]; default message [タイトルは必須です]] [Field error in object 'todoApiRequest' on field 'categoryId': rejected value [null]; codes [NotNull.todoApiRequest.categoryId,NotNull.categoryId,NotNull.java.lang.Long,NotNull]; arguments [org.springframework.context.support.DefaultMessageSourceResolvable: codes [todoApiRequest.categoryId,categoryId]; arguments []; default message [categoryId]]; default message [カテゴリは必須です]] [Field error in object 'todoApiRequest' on field 'author': rejected value []; codes [NotBlank.todoApiRequest.author,NotBlank.author,NotBlank.java.lang.String,NotBlank]; arguments [org.springframework.context.support.DefaultMessageSourceResolvable: codes [todoApiRequest.author,author]; arguments []; default message [author]]; default message [作成者は必須です]] 
	at org.springframework.web.servlet.mvc.method.annotation.RequestResponseBodyMethodProcessor.resolveArgument(RequestResponseBodyMethodProcessor.java:159) ~[spring-webmvc-6.2.18.jar:6.2.18]
	at org.springframework.web.method.support.HandlerMethodArgumentResolverComposite.resolveArgument(HandlerMethodArgumentResolverComposite.java:122) ~[spring-web-6.2.18.jar:6.2.18]
	at org.springframework.web.method.support.InvocableHandlerMethod.getMethodArgumentValues(InvocableHandlerMethod.java:227) ~[spring-web-6.2.18.jar:6.2.18]
	at org.springframework.web.method.support.InvocableHandlerMethod.invokeForRequest(InvocableHandlerMethod.java:181) ~[spring-web-6.2.18.jar:6.2.18]
	at org.springframework.web.servlet.mvc.method.annotation.ServletInvocableHandlerMethod.invokeAndHandle(ServletInvocableHandlerMethod.java:118) ~[spring-webmvc-6.2.18.jar:6.2.18]
	at org.springframework.web.servlet.mvc.method.annotation.RequestMappingHandlerAdapter.invokeHandlerMethod(RequestMappingHandlerAdapter.java:991) ~[spring-webmvc-6.2.18.jar:6.2.18]
	at org.springframework.web.servlet.mvc.method.annotation.RequestMappingHandlerAdapter.handleInternal(RequestMappingHandlerAdapter.java:896) ~[spring-webmvc-6.2.18.jar:6.2.18]
	at org.springframework.web.servlet.mvc.method.AbstractHandlerMethodAdapter.handle(AbstractHandlerMethodAdapter.java:87) ~[spring-webmvc-6.2.18.jar:6.2.18]
	at org.springframework.web.servlet.DispatcherServlet.doDispatch(DispatcherServlet.java:1089) ~[spring-webmvc-6.2.18.jar:6.2.18]
	at org.springframework.web.servlet.DispatcherServlet.doService(DispatcherServlet.java:979) ~[spring-webmvc-6.2.18.jar:6.2.18]
	at org.springframework.web.servlet.FrameworkServlet.processRequest(FrameworkServlet.java:1014) ~[spring-webmvc-6.2.18.jar:6.2.18]
	at org.springframework.web.servlet.FrameworkServlet.doPost(FrameworkServlet.java:914) ~[spring-webmvc-6.2.18.jar:6.2.18]
	at jakarta.servlet.http.HttpServlet.service(HttpServlet.java:590) ~[tomcat-embed-core-10.1.54.jar:6.0]
	at org.springframework.web.servlet.FrameworkServlet.service(FrameworkServlet.java:885) ~[spring-webmvc-6.2.18.jar:6.2.18]
	at org.springframework.test.web.servlet.TestDispatcherServlet.service(TestDispatcherServlet.java:72) ~[spring-test-6.2.18.jar:6.2.18]
	at jakarta.servlet.http.HttpServlet.service(HttpServlet.java:658) ~[tomcat-embed-core-10.1.54.jar:6.0]
	at org.springframework.mock.web.MockFilterChain$ServletFilterProxy.doFilter(MockFilterChain.java:165) ~[spring-test-6.2.18.jar:6.2.18]
	at org.springframework.mock.web.MockFilterChain.doFilter(MockFilterChain.java:132) ~[spring-test-6.2.18.jar:6.2.18]
	at org.springframework.web.filter.CompositeFilter$VirtualFilterChain.doFilter(CompositeFilter.java:108) ~[spring-web-6.2.18.jar:6.2.18]
	at org.springframework.web.filter.CompositeFilter$VirtualFilterChain.doFilter(CompositeFilter.java:108) ~[spring-web-6.2.18.jar:6.2.18]
	at org.springframework.security.web.FilterChainProxy.lambda$doFilterInternal$3(FilterChainProxy.java:231) ~[spring-security-web-6.5.10.jar:6.5.10]
	at org.springframework.security.web.FilterChainProxy$VirtualFilterChain.doFilter(FilterChainProxy.java:370) ~[spring-security-web-6.5.10.jar:6.5.10]
	at org.springframework.security.web.access.intercept.AuthorizationFilter.doFilter(AuthorizationFilter.java:101) ~[spring-security-web-6.5.10.jar:6.5.10]
	at org.springframework.security.web.FilterChainProxy$VirtualFilterChain.doFilter(FilterChainProxy.java:379) ~[spring-security-web-6.5.10.jar:6.5.10]
	at org.springframework.security.web.access.ExceptionTranslationFilter.doFilter(ExceptionTranslationFilter.java:125) ~[spring-security-web-6.5.10.jar:6.5.10]
	at org.springframework.security.web.access.ExceptionTranslationFilter.doFilter(ExceptionTranslationFilter.java:119) ~[spring-security-web-6.5.10.jar:6.5.10]
	at org.springframework.security.web.FilterChainProxy$VirtualFilterChain.doFilter(FilterChainProxy.java:379) ~[spring-security-web-6.5.10.jar:6.5.10]
	at org.springframework.security.web.authentication.AnonymousAuthenticationFilter.doFilter(AnonymousAuthenticationFilter.java:100) ~[spring-security-web-6.5.10.jar:6.5.10]
	at org.springframework.security.web.FilterChainProxy$VirtualFilterChain.doFilter(FilterChainProxy.java:379) ~[spring-security-web-6.5.10.jar:6.5.10]
	at org.springframework.security.web.servletapi.SecurityContextHolderAwareRequestFilter.doFilter(SecurityContextHolderAwareRequestFilter.java:179) ~[spring-security-web-6.5.10.jar:6.5.10]
	at org.springframework.security.web.FilterChainProxy$VirtualFilterChain.doFilter(FilterChainProxy.java:379) ~[spring-security-web-6.5.10.jar:6.5.10]
	at org.springframework.security.web.savedrequest.RequestCacheAwareFilter.doFilter(RequestCacheAwareFilter.java:63) ~[spring-security-web-6.5.10.jar:6.5.10]
	at org.springframework.security.web.FilterChainProxy$VirtualFilterChain.doFilter(FilterChainProxy.java:379) ~[spring-security-web-6.5.10.jar:6.5.10]
	at org.springframework.security.web.authentication.AbstractAuthenticationProcessingFilter.doFilter(AbstractAuthenticationProcessingFilter.java:235) ~[spring-security-web-6.5.10.jar:6.5.10]
	at org.springframework.security.web.authentication.AbstractAuthenticationProcessingFilter.doFilter(AbstractAuthenticationProcessingFilter.java:229) ~[spring-security-web-6.5.10.jar:6.5.10]
	at org.springframework.security.web.FilterChainProxy$VirtualFilterChain.doFilter(FilterChainProxy.java:379) ~[spring-security-web-6.5.10.jar:6.5.10]
	at org.springframework.security.web.authentication.logout.LogoutFilter.doFilter(LogoutFilter.java:107) ~[spring-security-web-6.5.10.jar:6.5.10]
	at org.springframework.security.web.authentication.logout.LogoutFilter.doFilter(LogoutFilter.java:93) ~[spring-security-web-6.5.10.jar:6.5.10]
	at org.springframework.security.web.FilterChainProxy$VirtualFilterChain.doFilter(FilterChainProxy.java:379) ~[spring-security-web-6.5.10.jar:6.5.10]
	at org.springframework.security.web.csrf.CsrfFilter.doFilterInternal(CsrfFilter.java:117) ~[spring-security-web-6.5.10.jar:6.5.10]
	at org.springframework.web.filter.OncePerRequestFilter.doFilter(OncePerRequestFilter.java:116) ~[spring-web-6.2.18.jar:6.2.18]
	at org.springframework.security.web.FilterChainProxy$VirtualFilterChain.doFilter(FilterChainProxy.java:379) ~[spring-security-web-6.5.10.jar:6.5.10]
	at org.springframework.security.web.header.HeaderWriterFilter.doHeadersAfter(HeaderWriterFilter.java:90) ~[spring-security-web-6.5.10.jar:6.5.10]
	at org.springframework.security.web.header.HeaderWriterFilter.doFilterInternal(HeaderWriterFilter.java:75) ~[spring-security-web-6.5.10.jar:6.5.10]
	at org.springframework.web.filter.OncePerRequestFilter.doFilter(OncePerRequestFilter.java:116) ~[spring-web-6.2.18.jar:6.2.18]
	at org.springframework.security.web.FilterChainProxy$VirtualFilterChain.doFilter(FilterChainProxy.java:379) ~[spring-security-web-6.5.10.jar:6.5.10]
	at org.springframework.security.web.context.SecurityContextHolderFilter.doFilter(SecurityContextHolderFilter.java:82) ~[spring-security-web-6.5.10.jar:6.5.10]
	at org.springframework.security.web.context.SecurityContextHolderFilter.doFilter(SecurityContextHolderFilter.java:69) ~[spring-security-web-6.5.10.jar:6.5.10]
	at org.springframework.security.web.FilterChainProxy$VirtualFilterChain.doFilter(FilterChainProxy.java:379) ~[spring-security-web-6.5.10.jar:6.5.10]
	at org.springframework.security.web.context.request.async.WebAsyncManagerIntegrationFilter.doFilterInternal(WebAsyncManagerIntegrationFilter.java:62) ~[spring-security-web-6.5.10.jar:6.5.10]
	at org.springframework.web.filter.OncePerRequestFilter.doFilter(OncePerRequestFilter.java:116) ~[spring-web-6.2.18.jar:6.2.18]
	at org.springframework.security.web.FilterChainProxy$VirtualFilterChain.doFilter(FilterChainProxy.java:379) ~[spring-security-web-6.5.10.jar:6.5.10]
	at org.springframework.security.web.session.DisableEncodeUrlFilter.doFilterInternal(DisableEncodeUrlFilter.java:42) ~[spring-security-web-6.5.10.jar:6.5.10]
	at org.springframework.web.filter.OncePerRequestFilter.doFilter(OncePerRequestFilter.java:116) ~[spring-web-6.2.18.jar:6.2.18]
	at org.springframework.security.web.FilterChainProxy$VirtualFilterChain.doFilter(FilterChainProxy.java:379) ~[spring-security-web-6.5.10.jar:6.5.10]
	at org.springframework.security.web.FilterChainProxy.doFilterInternal(FilterChainProxy.java:233) ~[spring-security-web-6.5.10.jar:6.5.10]
	at org.springframework.security.web.FilterChainProxy.doFilter(FilterChainProxy.java:191) ~[spring-security-web-6.5.10.jar:6.5.10]
	at org.springframework.web.filter.CompositeFilter$VirtualFilterChain.doFilter(CompositeFilter.java:113) ~[spring-web-6.2.18.jar:6.2.18]
	at org.springframework.web.filter.ServletRequestPathFilter.doFilter(ServletRequestPathFilter.java:52) ~[spring-web-6.2.18.jar:6.2.18]
	at org.springframework.web.filter.CompositeFilter$VirtualFilterChain.doFilter(CompositeFilter.java:113) ~[spring-web-6.2.18.jar:6.2.18]
	at org.springframework.web.filter.CompositeFilter.doFilter(CompositeFilter.java:74) ~[spring-web-6.2.18.jar:6.2.18]
	at org.springframework.security.config.annotation.web.configuration.WebSecurityConfiguration$CompositeFilterChainProxy.doFilter(WebSecurityConfiguration.java:319) ~[spring-security-config-6.5.10.jar:6.5.10]
	at org.springframework.web.filter.CompositeFilter$VirtualFilterChain.doFilter(CompositeFilter.java:113) ~[spring-web-6.2.18.jar:6.2.18]
	at org.springframework.web.servlet.handler.HandlerMappingIntrospector.lambda$createCacheFilter$4(HandlerMappingIntrospector.java:267) ~[spring-webmvc-6.2.18.jar:6.2.18]
	at org.springframework.web.filter.CompositeFilter$VirtualFilterChain.doFilter(CompositeFilter.java:113) ~[spring-web-6.2.18.jar:6.2.18]
	at org.springframework.web.filter.CompositeFilter.doFilter(CompositeFilter.java:74) ~[spring-web-6.2.18.jar:6.2.18]
	at org.springframework.security.config.annotation.web.configuration.WebMvcSecurityConfiguration$CompositeFilterChainProxy.doFilter(WebMvcSecurityConfiguration.java:240) ~[spring-security-config-6.5.10.jar:6.5.10]
	at org.springframework.web.filter.DelegatingFilterProxy.invokeDelegate(DelegatingFilterProxy.java:362) ~[spring-web-6.2.18.jar:6.2.18]
	at org.springframework.web.filter.DelegatingFilterProxy.doFilter(DelegatingFilterProxy.java:278) ~[spring-web-6.2.18.jar:6.2.18]
	at org.springframework.test.web.servlet.setup.MockMvcFilterDecorator.doFilter(MockMvcFilterDecorator.java:162) ~[spring-test-6.2.18.jar:6.2.18]
	at org.springframework.mock.web.MockFilterChain.doFilter(MockFilterChain.java:132) ~[spring-test-6.2.18.jar:6.2.18]
	at org.springframework.web.filter.RequestContextFilter.doFilterInternal(RequestContextFilter.java:100) ~[spring-web-6.2.18.jar:6.2.18]
	at org.springframework.web.filter.OncePerRequestFilter.doFilter(OncePerRequestFilter.java:116) ~[spring-web-6.2.18.jar:6.2.18]
	at org.springframework.test.web.servlet.setup.MockMvcFilterDecorator.doFilter(MockMvcFilterDecorator.java:162) ~[spring-test-6.2.18.jar:6.2.18]
	at org.springframework.mock.web.MockFilterChain.doFilter(MockFilterChain.java:132) ~[spring-test-6.2.18.jar:6.2.18]
	at org.springframework.web.filter.FormContentFilter.doFilterInternal(FormContentFilter.java:93) ~[spring-web-6.2.18.jar:6.2.18]
	at org.springframework.web.filter.OncePerRequestFilter.doFilter(OncePerRequestFilter.java:116) ~[spring-web-6.2.18.jar:6.2.18]
	at org.springframework.test.web.servlet.setup.MockMvcFilterDecorator.doFilter(MockMvcFilterDecorator.java:162) ~[spring-test-6.2.18.jar:6.2.18]
	at org.springframework.mock.web.MockFilterChain.doFilter(MockFilterChain.java:132) ~[spring-test-6.2.18.jar:6.2.18]
	at org.springframework.web.filter.CharacterEncodingFilter.doFilterInternal(CharacterEncodingFilter.java:201) ~[spring-web-6.2.18.jar:6.2.18]
	at org.springframework.web.filter.OncePerRequestFilter.doFilter(OncePerRequestFilter.java:116) ~[spring-web-6.2.18.jar:6.2.18]
	at org.springframework.test.web.servlet.setup.MockMvcFilterDecorator.doFilter(MockMvcFilterDecorator.java:162) ~[spring-test-6.2.18.jar:6.2.18]
	at org.springframework.mock.web.MockFilterChain.doFilter(MockFilterChain.java:132) ~[spring-test-6.2.18.jar:6.2.18]
	at org.springframework.test.web.servlet.MockMvc.perform(MockMvc.java:201) ~[spring-test-6.2.18.jar:6.2.18]
	at com.example.todo.api.TodoApiControllerIntegrationTest.create_InvalidPayload_Returns400Envelope(TodoApiControllerIntegrationTest.java:112) ~[test-classes/:na]
	at java.base/jdk.internal.reflect.DirectMethodHandleAccessor.invoke(DirectMethodHandleAccessor.java:104) ~[na:na]
	at java.base/java.lang.reflect.Method.invoke(Method.java:565) ~[na:na]
	at org.junit.platform.commons.util.ReflectionUtils.invokeMethod(ReflectionUtils.java:775) ~[junit-platform-commons-1.12.2.jar:1.12.2]
	at org.junit.platform.commons.support.ReflectionSupport.invokeMethod(ReflectionSupport.java:479) ~[junit-platform-commons-1.12.2.jar:1.12.2]
	at org.junit.jupiter.engine.execution.MethodInvocation.proceed(MethodInvocation.java:60) ~[junit-jupiter-engine-5.12.2.jar:5.12.2]
	at org.junit.jupiter.engine.execution.InvocationInterceptorChain$ValidatingInvocation.proceed(InvocationInterceptorChain.java:131) ~[junit-jupiter-engine-5.12.2.jar:5.12.2]
	at org.junit.jupiter.engine.extension.TimeoutExtension.intercept(TimeoutExtension.java:161) ~[junit-jupiter-engine-5.12.2.jar:5.12.2]
	at org.junit.jupiter.engine.extension.TimeoutExtension.interceptTestableMethod(TimeoutExtension.java:152) ~[junit-jupiter-engine-5.12.2.jar:5.12.2]
	at org.junit.jupiter.engine.extension.TimeoutExtension.interceptTestMethod(TimeoutExtension.java:91) ~[junit-jupiter-engine-5.12.2.jar:5.12.2]
	at org.junit.jupiter.engine.execution.InterceptingExecutableInvoker$ReflectiveInterceptorCall.lambda$ofVoidMethod$0(InterceptingExecutableInvoker.java:112) ~[junit-jupiter-engine-5.12.2.jar:5.12.2]
	at org.junit.jupiter.engine.execution.InterceptingExecutableInvoker.lambda$invoke$0(InterceptingExecutableInvoker.java:94) ~[junit-jupiter-engine-5.12.2.jar:5.12.2]
	at org.junit.jupiter.engine.execution.InvocationInterceptorChain$InterceptedInvocation.proceed(InvocationInterceptorChain.java:106) ~[junit-jupiter-engine-5.12.2.jar:5.12.2]
	at org.junit.jupiter.engine.execution.InvocationInterceptorChain.proceed(InvocationInterceptorChain.java:64) ~[junit-jupiter-engine-5.12.2.jar:5.12.2]
	at org.junit.jupiter.engine.execution.InvocationInterceptorChain.chainAndInvoke(InvocationInterceptorChain.java:45) ~[junit-jupiter-engine-5.12.2.jar:5.12.2]
	at org.junit.jupiter.engine.execution.InvocationInterceptorChain.invoke(InvocationInterceptorChain.java:37) ~[junit-jupiter-engine-5.12.2.jar:5.12.2]
	at org.junit.jupiter.engine.execution.InterceptingExecutableInvoker.invoke(InterceptingExecutableInvoker.java:93) ~[junit-jupiter-engine-5.12.2.jar:5.12.2]
	at org.junit.jupiter.engine.execution.InterceptingExecutableInvoker.invoke(InterceptingExecutableInvoker.java:87) ~[junit-jupiter-engine-5.12.2.jar:5.12.2]
	at org.junit.jupiter.engine.descriptor.TestMethodTestDescriptor.lambda$invokeTestMethod$7(TestMethodTestDescriptor.java:216) ~[junit-jupiter-engine-5.12.2.jar:5.12.2]
	at org.junit.platform.engine.support.hierarchical.ThrowableCollector.execute(ThrowableCollector.java:73) ~[junit-platform-engine-1.12.2.jar:1.12.2]
	at org.junit.jupiter.engine.descriptor.TestMethodTestDescriptor.invokeTestMethod(TestMethodTestDescriptor.java:212) ~[junit-jupiter-engine-5.12.2.jar:5.12.2]
	at org.junit.jupiter.engine.descriptor.TestMethodTestDescriptor.execute(TestMethodTestDescriptor.java:137) ~[junit-jupiter-engine-5.12.2.jar:5.12.2]
	at org.junit.jupiter.engine.descriptor.TestMethodTestDescriptor.execute(TestMethodTestDescriptor.java:69) ~[junit-jupiter-engine-5.12.2.jar:5.12.2]
	at org.junit.platform.engine.support.hierarchical.NodeTestTask.lambda$executeRecursively$6(NodeTestTask.java:156) ~[junit-platform-engine-1.12.2.jar:1.12.2]
	at org.junit.platform.engine.support.hierarchical.ThrowableCollector.execute(ThrowableCollector.java:73) ~[junit-platform-engine-1.12.2.jar:1.12.2]
	at org.junit.platform.engine.support.hierarchical.NodeTestTask.lambda$executeRecursively$8(NodeTestTask.java:146) ~[junit-platform-engine-1.12.2.jar:1.12.2]
	at org.junit.platform.engine.support.hierarchical.Node.around(Node.java:137) ~[junit-platform-engine-1.12.2.jar:1.12.2]
	at org.junit.platform.engine.support.hierarchical.NodeTestTask.lambda$executeRecursively$9(NodeTestTask.java:144) ~[junit-platform-engine-1.12.2.jar:1.12.2]
	at org.junit.platform.engine.support.hierarchical.ThrowableCollector.execute(ThrowableCollector.java:73) ~[junit-platform-engine-1.12.2.jar:1.12.2]
	at org.junit.platform.engine.support.hierarchical.NodeTestTask.executeRecursively(NodeTestTask.java:143) ~[junit-platform-engine-1.12.2.jar:1.12.2]
	at org.junit.platform.engine.support.hierarchical.NodeTestTask.execute(NodeTestTask.java:100) ~[junit-platform-engine-1.12.2.jar:1.12.2]
	at java.base/java.util.ArrayList.forEach(ArrayList.java:1604) ~[na:na]
	at org.junit.platform.engine.support.hierarchical.SameThreadHierarchicalTestExecutorService.invokeAll(SameThreadHierarchicalTestExecutorService.java:41) ~[junit-platform-engine-1.12.2.jar:1.12.2]
	at org.junit.platform.engine.support.hierarchical.NodeTestTask.lambda$executeRecursively$6(NodeTestTask.java:160) ~[junit-platform-engine-1.12.2.jar:1.12.2]
	at org.junit.platform.engine.support.hierarchical.ThrowableCollector.execute(ThrowableCollector.java:73) ~[junit-platform-engine-1.12.2.jar:1.12.2]
	at org.junit.platform.engine.support.hierarchical.NodeTestTask.lambda$executeRecursively$8(NodeTestTask.java:146) ~[junit-platform-engine-1.12.2.jar:1.12.2]
	at org.junit.platform.engine.support.hierarchical.Node.around(Node.java:137) ~[junit-platform-engine-1.12.2.jar:1.12.2]
	at org.junit.platform.engine.support.hierarchical.NodeTestTask.lambda$executeRecursively$9(NodeTestTask.java:144) ~[junit-platform-engine-1.12.2.jar:1.12.2]
	at org.junit.platform.engine.support.hierarchical.ThrowableCollector.execute(ThrowableCollector.java:73) ~[junit-platform-engine-1.12.2.jar:1.12.2]
	at org.junit.platform.engine.support.hierarchical.NodeTestTask.executeRecursively(NodeTestTask.java:143) ~[junit-platform-engine-1.12.2.jar:1.12.2]
	at org.junit.platform.engine.support.hierarchical.NodeTestTask.execute(NodeTestTask.java:100) ~[junit-platform-engine-1.12.2.jar:1.12.2]
	at java.base/java.util.ArrayList.forEach(ArrayList.java:1604) ~[na:na]
	at org.junit.platform.engine.support.hierarchical.SameThreadHierarchicalTestExecutorService.invokeAll(SameThreadHierarchicalTestExecutorService.java:41) ~[junit-platform-engine-1.12.2.jar:1.12.2]
	at org.junit.platform.engine.support.hierarchical.NodeTestTask.lambda$executeRecursively$6(NodeTestTask.java:160) ~[junit-platform-engine-1.12.2.jar:1.12.2]
	at org.junit.platform.engine.support.hierarchical.ThrowableCollector.execute(ThrowableCollector.java:73) ~[junit-platform-engine-1.12.2.jar:1.12.2]
	at org.junit.platform.engine.support.hierarchical.NodeTestTask.lambda$executeRecursively$8(NodeTestTask.java:146) ~[junit-platform-engine-1.12.2.jar:1.12.2]
	at org.junit.platform.engine.support.hierarchical.Node.around(Node.java:137) ~[junit-platform-engine-1.12.2.jar:1.12.2]
	at org.junit.platform.engine.support.hierarchical.NodeTestTask.lambda$executeRecursively$9(NodeTestTask.java:144) ~[junit-platform-engine-1.12.2.jar:1.12.2]
	at org.junit.platform.engine.support.hierarchical.ThrowableCollector.execute(ThrowableCollector.java:73) ~[junit-platform-engine-1.12.2.jar:1.12.2]
	at org.junit.platform.engine.support.hierarchical.NodeTestTask.executeRecursively(NodeTestTask.java:143) ~[junit-platform-engine-1.12.2.jar:1.12.2]
	at org.junit.platform.engine.support.hierarchical.NodeTestTask.execute(NodeTestTask.java:100) ~[junit-platform-engine-1.12.2.jar:1.12.2]
	at org.junit.platform.engine.support.hierarchical.SameThreadHierarchicalTestExecutorService.submit(SameThreadHierarchicalTestExecutorService.java:35) ~[junit-platform-engine-1.12.2.jar:1.12.2]
	at org.junit.platform.engine.support.hierarchical.HierarchicalTestExecutor.execute(HierarchicalTestExecutor.java:57) ~[junit-platform-engine-1.12.2.jar:1.12.2]
	at org.junit.platform.engine.support.hierarchical.HierarchicalTestEngine.execute(HierarchicalTestEngine.java:54) ~[junit-platform-engine-1.12.2.jar:1.12.2]
	at org.junit.platform.launcher.core.EngineExecutionOrchestrator.execute(EngineExecutionOrchestrator.java:201) ~[junit-platform-launcher-1.12.2.jar:1.12.2]
	at org.junit.platform.launcher.core.EngineExecutionOrchestrator.execute(EngineExecutionOrchestrator.java:170) ~[junit-platform-launcher-1.12.2.jar:1.12.2]
	at org.junit.platform.launcher.core.EngineExecutionOrchestrator.execute(EngineExecutionOrchestrator.java:94) ~[junit-platform-launcher-1.12.2.jar:1.12.2]
	at org.junit.platform.launcher.core.EngineExecutionOrchestrator.lambda$execute$0(EngineExecutionOrchestrator.java:59) ~[junit-platform-launcher-1.12.2.jar:1.12.2]
	at org.junit.platform.launcher.core.EngineExecutionOrchestrator.withInterceptedStreams(EngineExecutionOrchestrator.java:142) ~[junit-platform-launcher-1.12.2.jar:1.12.2]
	at org.junit.platform.launcher.core.EngineExecutionOrchestrator.execute(EngineExecutionOrchestrator.java:58) ~[junit-platform-launcher-1.12.2.jar:1.12.2]
	at org.junit.platform.launcher.core.DefaultLauncher.execute(DefaultLauncher.java:103) ~[junit-platform-launcher-1.12.2.jar:1.12.2]
	at org.junit.platform.launcher.core.DefaultLauncher.execute(DefaultLauncher.java:85) ~[junit-platform-launcher-1.12.2.jar:1.12.2]
	at org.junit.platform.launcher.core.DelegatingLauncher.execute(DelegatingLauncher.java:47) ~[junit-platform-launcher-1.12.2.jar:1.12.2]
	at org.junit.platform.launcher.core.InterceptingLauncher.lambda$execute$1(InterceptingLauncher.java:39) ~[junit-platform-launcher-1.12.2.jar:1.12.2]
	at org.junit.platform.launcher.core.ClasspathAlignmentCheckingLauncherInterceptor.intercept(ClasspathAlignmentCheckingLauncherInterceptor.java:25) ~[junit-platform-launcher-1.12.2.jar:1.12.2]
	at org.junit.platform.launcher.core.InterceptingLauncher.execute(InterceptingLauncher.java:38) ~[junit-platform-launcher-1.12.2.jar:1.12.2]
	at org.junit.platform.launcher.core.DelegatingLauncher.execute(DelegatingLauncher.java:47) ~[junit-platform-launcher-1.12.2.jar:1.12.2]
	at org.apache.maven.surefire.junitplatform.LauncherAdapter.executeWithoutCancellationToken(LauncherAdapter.java:60) ~[surefire-junit-platform-3.5.5.jar:3.5.5]
	at org.apache.maven.surefire.junitplatform.LauncherAdapter.execute(LauncherAdapter.java:52) ~[surefire-junit-platform-3.5.5.jar:3.5.5]
	at org.apache.maven.surefire.junitplatform.JUnitPlatformProvider.execute(JUnitPlatformProvider.java:203) ~[surefire-junit-platform-3.5.5.jar:3.5.5]
	at org.apache.maven.surefire.junitplatform.JUnitPlatformProvider.invokeAllTests(JUnitPlatformProvider.java:168) ~[surefire-junit-platform-3.5.5.jar:3.5.5]
	at org.apache.maven.surefire.junitplatform.JUnitPlatformProvider.invoke(JUnitPlatformProvider.java:136) ~[surefire-junit-platform-3.5.5.jar:3.5.5]
	at org.apache.maven.surefire.booter.ForkedBooter.runSuitesInProcess(ForkedBooter.java:385) ~[surefire-booter-3.5.5.jar:3.5.5]
	at org.apache.maven.surefire.booter.ForkedBooter.execute(ForkedBooter.java:162) ~[surefire-booter-3.5.5.jar:3.5.5]
	at org.apache.maven.surefire.booter.ForkedBooter.run(ForkedBooter.java:507) ~[surefire-booter-3.5.5.jar:3.5.5]
	at org.apache.maven.surefire.booter.ForkedBooter.main(ForkedBooter.java:495) ~[surefire-booter-3.5.5.jar:3.5.5]

2026-06-29T10:21:48.923+09:00 DEBUG 7059 --- [todo] [           main] o.s.w.s.m.m.a.HttpEntityMethodProcessor  : Using 'application/json', given [*/*] and supported [application/json, application/*+json]
2026-06-29T10:21:48.924+09:00 DEBUG 7059 --- [todo] [           main] o.s.w.s.m.m.a.HttpEntityMethodProcessor  : Writing [ApiResponse(success=false, message=入力値が不正です, data={priority=優先度は必須です, title=タイトルは必須です, categoryId=カテ (truncated)...]
2026-06-29T10:21:48.926+09:00 DEBUG 7059 --- [todo] [           main] .m.m.a.ExceptionHandlerExceptionResolver : Resolved [org.springframework.web.bind.MethodArgumentNotValidException: Validation failed for argument [0] in public org.springframework.http.ResponseEntity<com.example.todo.api.ApiResponse<com.example.todo.model.Todo>> com.example.todo.api.TodoApiController.create(com.example.todo.api.TodoApiRequest) with 4 errors: [Field error in object 'todoApiRequest' on field 'priority': rejected value [null]; codes [NotNull.todoApiRequest.priority,NotNull.priority,NotNull.com.example.todo.model.Priority,NotNull]; arguments [org.springframework.context.support.DefaultMessageSourceResolvable: codes [todoApiRequest.priority,priority]; arguments []; default message [priority]]; default message [優先度は必須です]] [Field error in object 'todoApiRequest' on field 'title': rejected value []; codes [NotBlank.todoApiRequest.title,NotBlank.title,NotBlank.java.lang.String,NotBlank]; arguments [org.springframework.context.support.DefaultMessageSourceResolvable: codes [todoApiRequest.title,title]; arguments []; default message [title]]; default message [タイトルは必須です]] [Field error in object 'todoApiRequest' on field 'categoryId': rejected value [null]; codes [NotNull.todoApiRequest.categoryId,NotNull.categoryId,NotNull.java.lang.Long,NotNull]; arguments [org.springframework.context.support.DefaultMessageSourceResolvable: codes [todoApiRequest.categoryId,categoryId]; arguments []; default message [categoryId]]; default message [カテゴリは必須です]] [Field error in object 'todoApiRequest' on field 'author': rejected value []; codes [NotBlank.todoApiRequest.author,NotBlank.author,NotBlank.java.lang.String,NotBlank]; arguments [org.springframework.context.support.DefaultMessageSourceResolvable: codes [todoApiRequest.author,author]; arguments []; default message [author]]; default message [作成者は必須です]] ]
]]></system-out>
  </testcase>
  <testcase name="findById_NotFound_Returns404Envelope" classname="com.example.todo.api.TodoApiControllerIntegrationTest" time="0.015">
    <system-out><![CDATA[2026-06-29T10:21:48.932+09:00 DEBUG 7059 --- [todo] [           main] o.s.jdbc.core.JdbcTemplate               : Executing prepared SQL update
2026-06-29T10:21:48.932+09:00 DEBUG 7059 --- [todo] [           main] o.s.jdbc.core.JdbcTemplate               : Executing prepared SQL statement [MERGE INTO users (id, username, password, role, enabled) KEY(id) VALUES (?, ?, ?, ?, ?)]
2026-06-29T10:21:48.935+09:00 DEBUG 7059 --- [todo] [           main] s.w.s.m.m.a.RequestMappingHandlerMapping : Mapped to com.example.todo.api.TodoApiController#findById(Long)
2026-06-29T10:21:48.936+09:00  INFO 7059 --- [todo] [           main] com.example.todo.aspect.LoggingAspect    : [Before] method=LabelColorService.resolveForUser(..) args=[null]
2026-06-29T10:21:48.936+09:00  INFO 7059 --- [todo] [           main] c.example.todo.aspect.PerformanceAspect  : [Around] method=LabelColorService.resolveForUser(..) elapsedMs=0.012
2026-06-29T10:21:48.936+09:00  INFO 7059 --- [todo] [           main] com.example.todo.aspect.LoggingAspect    : [AfterReturning] method=LabelColorService.resolveForUser(..) return={statusCompleted=#198754, priorityMedium=#ffc107, priorityLow=#198754, statusOpen=#6c757d, priorityHigh=#dc3545}
2026-06-29T10:21:48.939+09:00  INFO 7059 --- [todo] [           main] com.example.todo.aspect.LoggingAspect    : [Before] method=TodoService.findByIdOrThrow(..) args=[999999]
2026-06-29T10:21:48.940+09:00  INFO 7059 --- [todo] [           main] c.example.todo.aspect.PerformanceAspect  : [Around] method=TodoService.findByIdOrThrow(..) elapsedMs=0.630
2026-06-29T10:21:48.940+09:00 ERROR 7059 --- [todo] [           main] com.example.todo.aspect.LoggingAspect    : [AfterThrowing] method=TodoService.findByIdOrThrow(..) error=ToDoが見つかりません (id=999999)

com.example.todo.exception.TodoNotFoundException: ToDoが見つかりません (id=999999)
	at com.example.todo.service.TodoService.findByIdOrThrow(TodoService.java:167) ~[classes/:na]
	at java.base/jdk.internal.reflect.DirectMethodHandleAccessor.invoke(DirectMethodHandleAccessor.java:104) ~[na:na]
	at java.base/java.lang.reflect.Method.invoke(Method.java:565) ~[na:na]
	at org.springframework.aop.support.AopUtils.invokeJoinpointUsingReflection(AopUtils.java:360) ~[spring-aop-6.2.18.jar:6.2.18]
	at org.springframework.aop.framework.ReflectiveMethodInvocation.invokeJoinpoint(ReflectiveMethodInvocation.java:196) ~[spring-aop-6.2.18.jar:6.2.18]
	at org.springframework.aop.framework.ReflectiveMethodInvocation.proceed(ReflectiveMethodInvocation.java:163) ~[spring-aop-6.2.18.jar:6.2.18]
	at org.springframework.aop.aspectj.MethodInvocationProceedingJoinPoint.proceed(MethodInvocationProceedingJoinPoint.java:89) ~[spring-aop-6.2.18.jar:6.2.18]
	at com.example.todo.aspect.PerformanceAspect.measureExecutionTime(PerformanceAspect.java:20) ~[classes/:na]
	at java.base/jdk.internal.reflect.DirectMethodHandleAccessor.invoke(DirectMethodHandleAccessor.java:104) ~[na:na]
	at java.base/java.lang.reflect.Method.invoke(Method.java:565) ~[na:na]
	at org.springframework.aop.aspectj.AbstractAspectJAdvice.invokeAdviceMethodWithGivenArgs(AbstractAspectJAdvice.java:649) ~[spring-aop-6.2.18.jar:6.2.18]
	at org.springframework.aop.aspectj.AbstractAspectJAdvice.invokeAdviceMethod(AbstractAspectJAdvice.java:631) ~[spring-aop-6.2.18.jar:6.2.18]
	at org.springframework.aop.aspectj.AspectJAroundAdvice.invoke(AspectJAroundAdvice.java:71) ~[spring-aop-6.2.18.jar:6.2.18]
	at org.springframework.aop.framework.ReflectiveMethodInvocation.proceed(ReflectiveMethodInvocation.java:184) ~[spring-aop-6.2.18.jar:6.2.18]
	at org.springframework.aop.aspectj.AspectJAfterThrowingAdvice.invoke(AspectJAfterThrowingAdvice.java:64) ~[spring-aop-6.2.18.jar:6.2.18]
	at org.springframework.aop.framework.ReflectiveMethodInvocation.proceed(ReflectiveMethodInvocation.java:184) ~[spring-aop-6.2.18.jar:6.2.18]
	at org.springframework.aop.framework.adapter.AfterReturningAdviceInterceptor.invoke(AfterReturningAdviceInterceptor.java:57) ~[spring-aop-6.2.18.jar:6.2.18]
	at org.springframework.aop.framework.ReflectiveMethodInvocation.proceed(ReflectiveMethodInvocation.java:184) ~[spring-aop-6.2.18.jar:6.2.18]
	at org.springframework.aop.framework.adapter.MethodBeforeAdviceInterceptor.invoke(MethodBeforeAdviceInterceptor.java:58) ~[spring-aop-6.2.18.jar:6.2.18]
	at org.springframework.aop.framework.ReflectiveMethodInvocation.proceed(ReflectiveMethodInvocation.java:184) ~[spring-aop-6.2.18.jar:6.2.18]
	at org.springframework.transaction.interceptor.TransactionAspectSupport.invokeWithinTransaction(TransactionAspectSupport.java:380) ~[spring-tx-6.2.18.jar:6.2.18]
	at org.springframework.transaction.interceptor.TransactionInterceptor.invoke(TransactionInterceptor.java:119) ~[spring-tx-6.2.18.jar:6.2.18]
	at org.springframework.aop.framework.ReflectiveMethodInvocation.proceed(ReflectiveMethodInvocation.java:184) ~[spring-aop-6.2.18.jar:6.2.18]
	at org.springframework.aop.interceptor.ExposeInvocationInterceptor.invoke(ExposeInvocationInterceptor.java:97) ~[spring-aop-6.2.18.jar:6.2.18]
	at org.springframework.aop.framework.ReflectiveMethodInvocation.proceed(ReflectiveMethodInvocation.java:184) ~[spring-aop-6.2.18.jar:6.2.18]
	at org.springframework.aop.framework.CglibAopProxy$DynamicAdvisedInterceptor.intercept(CglibAopProxy.java:728) ~[spring-aop-6.2.18.jar:6.2.18]
	at com.example.todo.service.TodoService$$SpringCGLIB$$0.findByIdOrThrow(<generated>) ~[classes/:na]
	at com.example.todo.api.TodoApiController.findById(TodoApiController.java:173) ~[classes/:na]
	at java.base/jdk.internal.reflect.DirectMethodHandleAccessor.invoke(DirectMethodHandleAccessor.java:104) ~[na:na]
	at java.base/java.lang.reflect.Method.invoke(Method.java:565) ~[na:na]
	at org.springframework.aop.support.AopUtils.invokeJoinpointUsingReflection(AopUtils.java:360) ~[spring-aop-6.2.18.jar:6.2.18]
	at org.springframework.aop.framework.ReflectiveMethodInvocation.invokeJoinpoint(ReflectiveMethodInvocation.java:196) ~[spring-aop-6.2.18.jar:6.2.18]
	at org.springframework.aop.framework.ReflectiveMethodInvocation.proceed(ReflectiveMethodInvocation.java:163) ~[spring-aop-6.2.18.jar:6.2.18]
	at org.springframework.validation.beanvalidation.MethodValidationInterceptor.invoke(MethodValidationInterceptor.java:172) ~[spring-context-6.2.18.jar:6.2.18]
	at org.springframework.aop.framework.ReflectiveMethodInvocation.proceed(ReflectiveMethodInvocation.java:184) ~[spring-aop-6.2.18.jar:6.2.18]
	at org.springframework.aop.framework.CglibAopProxy$DynamicAdvisedInterceptor.intercept(CglibAopProxy.java:728) ~[spring-aop-6.2.18.jar:6.2.18]
	at com.example.todo.api.TodoApiController$$SpringCGLIB$$0.findById(<generated>) ~[classes/:na]
	at java.base/jdk.internal.reflect.DirectMethodHandleAccessor.invoke(DirectMethodHandleAccessor.java:104) ~[na:na]
	at java.base/java.lang.reflect.Method.invoke(Method.java:565) ~[na:na]
	at org.springframework.web.method.support.InvocableHandlerMethod.doInvoke(InvocableHandlerMethod.java:258) ~[spring-web-6.2.18.jar:6.2.18]
	at org.springframework.web.method.support.InvocableHandlerMethod.invokeForRequest(InvocableHandlerMethod.java:191) ~[spring-web-6.2.18.jar:6.2.18]
	at org.springframework.web.servlet.mvc.method.annotation.ServletInvocableHandlerMethod.invokeAndHandle(ServletInvocableHandlerMethod.java:118) ~[spring-webmvc-6.2.18.jar:6.2.18]
	at org.springframework.web.servlet.mvc.method.annotation.RequestMappingHandlerAdapter.invokeHandlerMethod(RequestMappingHandlerAdapter.java:991) ~[spring-webmvc-6.2.18.jar:6.2.18]
	at org.springframework.web.servlet.mvc.method.annotation.RequestMappingHandlerAdapter.handleInternal(RequestMappingHandlerAdapter.java:896) ~[spring-webmvc-6.2.18.jar:6.2.18]
	at org.springframework.web.servlet.mvc.method.AbstractHandlerMethodAdapter.handle(AbstractHandlerMethodAdapter.java:87) ~[spring-webmvc-6.2.18.jar:6.2.18]
	at org.springframework.web.servlet.DispatcherServlet.doDispatch(DispatcherServlet.java:1089) ~[spring-webmvc-6.2.18.jar:6.2.18]
	at org.springframework.web.servlet.DispatcherServlet.doService(DispatcherServlet.java:979) ~[spring-webmvc-6.2.18.jar:6.2.18]
	at org.springframework.web.servlet.FrameworkServlet.processRequest(FrameworkServlet.java:1014) ~[spring-webmvc-6.2.18.jar:6.2.18]
	at org.springframework.web.servlet.FrameworkServlet.doGet(FrameworkServlet.java:903) ~[spring-webmvc-6.2.18.jar:6.2.18]
	at jakarta.servlet.http.HttpServlet.service(HttpServlet.java:564) ~[tomcat-embed-core-10.1.54.jar:6.0]
	at org.springframework.web.servlet.FrameworkServlet.service(FrameworkServlet.java:885) ~[spring-webmvc-6.2.18.jar:6.2.18]
	at org.springframework.test.web.servlet.TestDispatcherServlet.service(TestDispatcherServlet.java:72) ~[spring-test-6.2.18.jar:6.2.18]
	at jakarta.servlet.http.HttpServlet.service(HttpServlet.java:658) ~[tomcat-embed-core-10.1.54.jar:6.0]
	at org.springframework.mock.web.MockFilterChain$ServletFilterProxy.doFilter(MockFilterChain.java:165) ~[spring-test-6.2.18.jar:6.2.18]
	at org.springframework.mock.web.MockFilterChain.doFilter(MockFilterChain.java:132) ~[spring-test-6.2.18.jar:6.2.18]
	at org.springframework.web.filter.CompositeFilter$VirtualFilterChain.doFilter(CompositeFilter.java:108) ~[spring-web-6.2.18.jar:6.2.18]
	at org.springframework.web.filter.CompositeFilter$VirtualFilterChain.doFilter(CompositeFilter.java:108) ~[spring-web-6.2.18.jar:6.2.18]
	at org.springframework.security.web.FilterChainProxy.lambda$doFilterInternal$3(FilterChainProxy.java:231) ~[spring-security-web-6.5.10.jar:6.5.10]
	at org.springframework.security.web.FilterChainProxy$VirtualFilterChain.doFilter(FilterChainProxy.java:370) ~[spring-security-web-6.5.10.jar:6.5.10]
	at org.springframework.security.web.access.intercept.AuthorizationFilter.doFilter(AuthorizationFilter.java:101) ~[spring-security-web-6.5.10.jar:6.5.10]
	at org.springframework.security.web.FilterChainProxy$VirtualFilterChain.doFilter(FilterChainProxy.java:379) ~[spring-security-web-6.5.10.jar:6.5.10]
	at org.springframework.security.web.access.ExceptionTranslationFilter.doFilter(ExceptionTranslationFilter.java:125) ~[spring-security-web-6.5.10.jar:6.5.10]
	at org.springframework.security.web.access.ExceptionTranslationFilter.doFilter(ExceptionTranslationFilter.java:119) ~[spring-security-web-6.5.10.jar:6.5.10]
	at org.springframework.security.web.FilterChainProxy$VirtualFilterChain.doFilter(FilterChainProxy.java:379) ~[spring-security-web-6.5.10.jar:6.5.10]
	at org.springframework.security.web.authentication.AnonymousAuthenticationFilter.doFilter(AnonymousAuthenticationFilter.java:100) ~[spring-security-web-6.5.10.jar:6.5.10]
	at org.springframework.security.web.FilterChainProxy$VirtualFilterChain.doFilter(FilterChainProxy.java:379) ~[spring-security-web-6.5.10.jar:6.5.10]
	at org.springframework.security.web.servletapi.SecurityContextHolderAwareRequestFilter.doFilter(SecurityContextHolderAwareRequestFilter.java:179) ~[spring-security-web-6.5.10.jar:6.5.10]
	at org.springframework.security.web.FilterChainProxy$VirtualFilterChain.doFilter(FilterChainProxy.java:379) ~[spring-security-web-6.5.10.jar:6.5.10]
	at org.springframework.security.web.savedrequest.RequestCacheAwareFilter.doFilter(RequestCacheAwareFilter.java:63) ~[spring-security-web-6.5.10.jar:6.5.10]
	at org.springframework.security.web.FilterChainProxy$VirtualFilterChain.doFilter(FilterChainProxy.java:379) ~[spring-security-web-6.5.10.jar:6.5.10]
	at org.springframework.security.web.authentication.AbstractAuthenticationProcessingFilter.doFilter(AbstractAuthenticationProcessingFilter.java:235) ~[spring-security-web-6.5.10.jar:6.5.10]
	at org.springframework.security.web.authentication.AbstractAuthenticationProcessingFilter.doFilter(AbstractAuthenticationProcessingFilter.java:229) ~[spring-security-web-6.5.10.jar:6.5.10]
	at org.springframework.security.web.FilterChainProxy$VirtualFilterChain.doFilter(FilterChainProxy.java:379) ~[spring-security-web-6.5.10.jar:6.5.10]
	at org.springframework.security.web.authentication.logout.LogoutFilter.doFilter(LogoutFilter.java:107) ~[spring-security-web-6.5.10.jar:6.5.10]
	at org.springframework.security.web.authentication.logout.LogoutFilter.doFilter(LogoutFilter.java:93) ~[spring-security-web-6.5.10.jar:6.5.10]
	at org.springframework.security.web.FilterChainProxy$VirtualFilterChain.doFilter(FilterChainProxy.java:379) ~[spring-security-web-6.5.10.jar:6.5.10]
	at org.springframework.security.web.csrf.CsrfFilter.doFilterInternal(CsrfFilter.java:117) ~[spring-security-web-6.5.10.jar:6.5.10]
	at org.springframework.web.filter.OncePerRequestFilter.doFilter(OncePerRequestFilter.java:116) ~[spring-web-6.2.18.jar:6.2.18]
	at org.springframework.security.web.FilterChainProxy$VirtualFilterChain.doFilter(FilterChainProxy.java:379) ~[spring-security-web-6.5.10.jar:6.5.10]
	at org.springframework.security.web.header.HeaderWriterFilter.doHeadersAfter(HeaderWriterFilter.java:90) ~[spring-security-web-6.5.10.jar:6.5.10]
	at org.springframework.security.web.header.HeaderWriterFilter.doFilterInternal(HeaderWriterFilter.java:75) ~[spring-security-web-6.5.10.jar:6.5.10]
	at org.springframework.web.filter.OncePerRequestFilter.doFilter(OncePerRequestFilter.java:116) ~[spring-web-6.2.18.jar:6.2.18]
	at org.springframework.security.web.FilterChainProxy$VirtualFilterChain.doFilter(FilterChainProxy.java:379) ~[spring-security-web-6.5.10.jar:6.5.10]
	at org.springframework.security.web.context.SecurityContextHolderFilter.doFilter(SecurityContextHolderFilter.java:82) ~[spring-security-web-6.5.10.jar:6.5.10]
	at org.springframework.security.web.context.SecurityContextHolderFilter.doFilter(SecurityContextHolderFilter.java:69) ~[spring-security-web-6.5.10.jar:6.5.10]
	at org.springframework.security.web.FilterChainProxy$VirtualFilterChain.doFilter(FilterChainProxy.java:379) ~[spring-security-web-6.5.10.jar:6.5.10]
	at org.springframework.security.web.context.request.async.WebAsyncManagerIntegrationFilter.doFilterInternal(WebAsyncManagerIntegrationFilter.java:62) ~[spring-security-web-6.5.10.jar:6.5.10]
	at org.springframework.web.filter.OncePerRequestFilter.doFilter(OncePerRequestFilter.java:116) ~[spring-web-6.2.18.jar:6.2.18]
	at org.springframework.security.web.FilterChainProxy$VirtualFilterChain.doFilter(FilterChainProxy.java:379) ~[spring-security-web-6.5.10.jar:6.5.10]
	at org.springframework.security.web.session.DisableEncodeUrlFilter.doFilterInternal(DisableEncodeUrlFilter.java:42) ~[spring-security-web-6.5.10.jar:6.5.10]
	at org.springframework.web.filter.OncePerRequestFilter.doFilter(OncePerRequestFilter.java:116) ~[spring-web-6.2.18.jar:6.2.18]
	at org.springframework.security.web.FilterChainProxy$VirtualFilterChain.doFilter(FilterChainProxy.java:379) ~[spring-security-web-6.5.10.jar:6.5.10]
	at org.springframework.security.web.FilterChainProxy.doFilterInternal(FilterChainProxy.java:233) ~[spring-security-web-6.5.10.jar:6.5.10]
	at org.springframework.security.web.FilterChainProxy.doFilter(FilterChainProxy.java:191) ~[spring-security-web-6.5.10.jar:6.5.10]
	at org.springframework.web.filter.CompositeFilter$VirtualFilterChain.doFilter(CompositeFilter.java:113) ~[spring-web-6.2.18.jar:6.2.18]
	at org.springframework.web.filter.ServletRequestPathFilter.doFilter(ServletRequestPathFilter.java:52) ~[spring-web-6.2.18.jar:6.2.18]
	at org.springframework.web.filter.CompositeFilter$VirtualFilterChain.doFilter(CompositeFilter.java:113) ~[spring-web-6.2.18.jar:6.2.18]
	at org.springframework.web.filter.CompositeFilter.doFilter(CompositeFilter.java:74) ~[spring-web-6.2.18.jar:6.2.18]
	at org.springframework.security.config.annotation.web.configuration.WebSecurityConfiguration$CompositeFilterChainProxy.doFilter(WebSecurityConfiguration.java:319) ~[spring-security-config-6.5.10.jar:6.5.10]
	at org.springframework.web.filter.CompositeFilter$VirtualFilterChain.doFilter(CompositeFilter.java:113) ~[spring-web-6.2.18.jar:6.2.18]
	at org.springframework.web.servlet.handler.HandlerMappingIntrospector.lambda$createCacheFilter$4(HandlerMappingIntrospector.java:267) ~[spring-webmvc-6.2.18.jar:6.2.18]
	at org.springframework.web.filter.CompositeFilter$VirtualFilterChain.doFilter(CompositeFilter.java:113) ~[spring-web-6.2.18.jar:6.2.18]
	at org.springframework.web.filter.CompositeFilter.doFilter(CompositeFilter.java:74) ~[spring-web-6.2.18.jar:6.2.18]
	at org.springframework.security.config.annotation.web.configuration.WebMvcSecurityConfiguration$CompositeFilterChainProxy.doFilter(WebMvcSecurityConfiguration.java:240) ~[spring-security-config-6.5.10.jar:6.5.10]
	at org.springframework.web.filter.DelegatingFilterProxy.invokeDelegate(DelegatingFilterProxy.java:362) ~[spring-web-6.2.18.jar:6.2.18]
	at org.springframework.web.filter.DelegatingFilterProxy.doFilter(DelegatingFilterProxy.java:278) ~[spring-web-6.2.18.jar:6.2.18]
	at org.springframework.test.web.servlet.setup.MockMvcFilterDecorator.doFilter(MockMvcFilterDecorator.java:162) ~[spring-test-6.2.18.jar:6.2.18]
	at org.springframework.mock.web.MockFilterChain.doFilter(MockFilterChain.java:132) ~[spring-test-6.2.18.jar:6.2.18]
	at org.springframework.web.filter.RequestContextFilter.doFilterInternal(RequestContextFilter.java:100) ~[spring-web-6.2.18.jar:6.2.18]
	at org.springframework.web.filter.OncePerRequestFilter.doFilter(OncePerRequestFilter.java:116) ~[spring-web-6.2.18.jar:6.2.18]
	at org.springframework.test.web.servlet.setup.MockMvcFilterDecorator.doFilter(MockMvcFilterDecorator.java:162) ~[spring-test-6.2.18.jar:6.2.18]
	at org.springframework.mock.web.MockFilterChain.doFilter(MockFilterChain.java:132) ~[spring-test-6.2.18.jar:6.2.18]
	at org.springframework.web.filter.FormContentFilter.doFilterInternal(FormContentFilter.java:93) ~[spring-web-6.2.18.jar:6.2.18]
	at org.springframework.web.filter.OncePerRequestFilter.doFilter(OncePerRequestFilter.java:116) ~[spring-web-6.2.18.jar:6.2.18]
	at org.springframework.test.web.servlet.setup.MockMvcFilterDecorator.doFilter(MockMvcFilterDecorator.java:162) ~[spring-test-6.2.18.jar:6.2.18]
	at org.springframework.mock.web.MockFilterChain.doFilter(MockFilterChain.java:132) ~[spring-test-6.2.18.jar:6.2.18]
	at org.springframework.web.filter.CharacterEncodingFilter.doFilterInternal(CharacterEncodingFilter.java:201) ~[spring-web-6.2.18.jar:6.2.18]
	at org.springframework.web.filter.OncePerRequestFilter.doFilter(OncePerRequestFilter.java:116) ~[spring-web-6.2.18.jar:6.2.18]
	at org.springframework.test.web.servlet.setup.MockMvcFilterDecorator.doFilter(MockMvcFilterDecorator.java:162) ~[spring-test-6.2.18.jar:6.2.18]
	at org.springframework.mock.web.MockFilterChain.doFilter(MockFilterChain.java:132) ~[spring-test-6.2.18.jar:6.2.18]
	at org.springframework.test.web.servlet.MockMvc.perform(MockMvc.java:201) ~[spring-test-6.2.18.jar:6.2.18]
	at com.example.todo.api.TodoApiControllerIntegrationTest.findById_NotFound_Returns404Envelope(TodoApiControllerIntegrationTest.java:95) ~[test-classes/:na]
	at java.base/jdk.internal.reflect.DirectMethodHandleAccessor.invoke(DirectMethodHandleAccessor.java:104) ~[na:na]
	at java.base/java.lang.reflect.Method.invoke(Method.java:565) ~[na:na]
	at org.junit.platform.commons.util.ReflectionUtils.invokeMethod(ReflectionUtils.java:775) ~[junit-platform-commons-1.12.2.jar:1.12.2]
	at org.junit.platform.commons.support.ReflectionSupport.invokeMethod(ReflectionSupport.java:479) ~[junit-platform-commons-1.12.2.jar:1.12.2]
	at org.junit.jupiter.engine.execution.MethodInvocation.proceed(MethodInvocation.java:60) ~[junit-jupiter-engine-5.12.2.jar:5.12.2]
	at org.junit.jupiter.engine.execution.InvocationInterceptorChain$ValidatingInvocation.proceed(InvocationInterceptorChain.java:131) ~[junit-jupiter-engine-5.12.2.jar:5.12.2]
	at org.junit.jupiter.engine.extension.TimeoutExtension.intercept(TimeoutExtension.java:161) ~[junit-jupiter-engine-5.12.2.jar:5.12.2]
	at org.junit.jupiter.engine.extension.TimeoutExtension.interceptTestableMethod(TimeoutExtension.java:152) ~[junit-jupiter-engine-5.12.2.jar:5.12.2]
	at org.junit.jupiter.engine.extension.TimeoutExtension.interceptTestMethod(TimeoutExtension.java:91) ~[junit-jupiter-engine-5.12.2.jar:5.12.2]
	at org.junit.jupiter.engine.execution.InterceptingExecutableInvoker$ReflectiveInterceptorCall.lambda$ofVoidMethod$0(InterceptingExecutableInvoker.java:112) ~[junit-jupiter-engine-5.12.2.jar:5.12.2]
	at org.junit.jupiter.engine.execution.InterceptingExecutableInvoker.lambda$invoke$0(InterceptingExecutableInvoker.java:94) ~[junit-jupiter-engine-5.12.2.jar:5.12.2]
	at org.junit.jupiter.engine.execution.InvocationInterceptorChain$InterceptedInvocation.proceed(InvocationInterceptorChain.java:106) ~[junit-jupiter-engine-5.12.2.jar:5.12.2]
	at org.junit.jupiter.engine.execution.InvocationInterceptorChain.proceed(InvocationInterceptorChain.java:64) ~[junit-jupiter-engine-5.12.2.jar:5.12.2]
	at org.junit.jupiter.engine.execution.InvocationInterceptorChain.chainAndInvoke(InvocationInterceptorChain.java:45) ~[junit-jupiter-engine-5.12.2.jar:5.12.2]
	at org.junit.jupiter.engine.execution.InvocationInterceptorChain.invoke(InvocationInterceptorChain.java:37) ~[junit-jupiter-engine-5.12.2.jar:5.12.2]
	at org.junit.jupiter.engine.execution.InterceptingExecutableInvoker.invoke(InterceptingExecutableInvoker.java:93) ~[junit-jupiter-engine-5.12.2.jar:5.12.2]
	at org.junit.jupiter.engine.execution.InterceptingExecutableInvoker.invoke(InterceptingExecutableInvoker.java:87) ~[junit-jupiter-engine-5.12.2.jar:5.12.2]
	at org.junit.jupiter.engine.descriptor.TestMethodTestDescriptor.lambda$invokeTestMethod$7(TestMethodTestDescriptor.java:216) ~[junit-jupiter-engine-5.12.2.jar:5.12.2]
	at org.junit.platform.engine.support.hierarchical.ThrowableCollector.execute(ThrowableCollector.java:73) ~[junit-platform-engine-1.12.2.jar:1.12.2]
	at org.junit.jupiter.engine.descriptor.TestMethodTestDescriptor.invokeTestMethod(TestMethodTestDescriptor.java:212) ~[junit-jupiter-engine-5.12.2.jar:5.12.2]
	at org.junit.jupiter.engine.descriptor.TestMethodTestDescriptor.execute(TestMethodTestDescriptor.java:137) ~[junit-jupiter-engine-5.12.2.jar:5.12.2]
	at org.junit.jupiter.engine.descriptor.TestMethodTestDescriptor.execute(TestMethodTestDescriptor.java:69) ~[junit-jupiter-engine-5.12.2.jar:5.12.2]
	at org.junit.platform.engine.support.hierarchical.NodeTestTask.lambda$executeRecursively$6(NodeTestTask.java:156) ~[junit-platform-engine-1.12.2.jar:1.12.2]
	at org.junit.platform.engine.support.hierarchical.ThrowableCollector.execute(ThrowableCollector.java:73) ~[junit-platform-engine-1.12.2.jar:1.12.2]
	at org.junit.platform.engine.support.hierarchical.NodeTestTask.lambda$executeRecursively$8(NodeTestTask.java:146) ~[junit-platform-engine-1.12.2.jar:1.12.2]
	at org.junit.platform.engine.support.hierarchical.Node.around(Node.java:137) ~[junit-platform-engine-1.12.2.jar:1.12.2]
	at org.junit.platform.engine.support.hierarchical.NodeTestTask.lambda$executeRecursively$9(NodeTestTask.java:144) ~[junit-platform-engine-1.12.2.jar:1.12.2]
	at org.junit.platform.engine.support.hierarchical.ThrowableCollector.execute(ThrowableCollector.java:73) ~[junit-platform-engine-1.12.2.jar:1.12.2]
	at org.junit.platform.engine.support.hierarchical.NodeTestTask.executeRecursively(NodeTestTask.java:143) ~[junit-platform-engine-1.12.2.jar:1.12.2]
	at org.junit.platform.engine.support.hierarchical.NodeTestTask.execute(NodeTestTask.java:100) ~[junit-platform-engine-1.12.2.jar:1.12.2]
	at java.base/java.util.ArrayList.forEach(ArrayList.java:1604) ~[na:na]
	at org.junit.platform.engine.support.hierarchical.SameThreadHierarchicalTestExecutorService.invokeAll(SameThreadHierarchicalTestExecutorService.java:41) ~[junit-platform-engine-1.12.2.jar:1.12.2]
	at org.junit.platform.engine.support.hierarchical.NodeTestTask.lambda$executeRecursively$6(NodeTestTask.java:160) ~[junit-platform-engine-1.12.2.jar:1.12.2]
	at org.junit.platform.engine.support.hierarchical.ThrowableCollector.execute(ThrowableCollector.java:73) ~[junit-platform-engine-1.12.2.jar:1.12.2]
	at org.junit.platform.engine.support.hierarchical.NodeTestTask.lambda$executeRecursively$8(NodeTestTask.java:146) ~[junit-platform-engine-1.12.2.jar:1.12.2]
	at org.junit.platform.engine.support.hierarchical.Node.around(Node.java:137) ~[junit-platform-engine-1.12.2.jar:1.12.2]
	at org.junit.platform.engine.support.hierarchical.NodeTestTask.lambda$executeRecursively$9(NodeTestTask.java:144) ~[junit-platform-engine-1.12.2.jar:1.12.2]
	at org.junit.platform.engine.support.hierarchical.ThrowableCollector.execute(ThrowableCollector.java:73) ~[junit-platform-engine-1.12.2.jar:1.12.2]
	at org.junit.platform.engine.support.hierarchical.NodeTestTask.executeRecursively(NodeTestTask.java:143) ~[junit-platform-engine-1.12.2.jar:1.12.2]
	at org.junit.platform.engine.support.hierarchical.NodeTestTask.execute(NodeTestTask.java:100) ~[junit-platform-engine-1.12.2.jar:1.12.2]
	at java.base/java.util.ArrayList.forEach(ArrayList.java:1604) ~[na:na]
	at org.junit.platform.engine.support.hierarchical.SameThreadHierarchicalTestExecutorService.invokeAll(SameThreadHierarchicalTestExecutorService.java:41) ~[junit-platform-engine-1.12.2.jar:1.12.2]
	at org.junit.platform.engine.support.hierarchical.NodeTestTask.lambda$executeRecursively$6(NodeTestTask.java:160) ~[junit-platform-engine-1.12.2.jar:1.12.2]
	at org.junit.platform.engine.support.hierarchical.ThrowableCollector.execute(ThrowableCollector.java:73) ~[junit-platform-engine-1.12.2.jar:1.12.2]
	at org.junit.platform.engine.support.hierarchical.NodeTestTask.lambda$executeRecursively$8(NodeTestTask.java:146) ~[junit-platform-engine-1.12.2.jar:1.12.2]
	at org.junit.platform.engine.support.hierarchical.Node.around(Node.java:137) ~[junit-platform-engine-1.12.2.jar:1.12.2]
	at org.junit.platform.engine.support.hierarchical.NodeTestTask.lambda$executeRecursively$9(NodeTestTask.java:144) ~[junit-platform-engine-1.12.2.jar:1.12.2]
	at org.junit.platform.engine.support.hierarchical.ThrowableCollector.execute(ThrowableCollector.java:73) ~[junit-platform-engine-1.12.2.jar:1.12.2]
	at org.junit.platform.engine.support.hierarchical.NodeTestTask.executeRecursively(NodeTestTask.java:143) ~[junit-platform-engine-1.12.2.jar:1.12.2]
	at org.junit.platform.engine.support.hierarchical.NodeTestTask.execute(NodeTestTask.java:100) ~[junit-platform-engine-1.12.2.jar:1.12.2]
	at org.junit.platform.engine.support.hierarchical.SameThreadHierarchicalTestExecutorService.submit(SameThreadHierarchicalTestExecutorService.java:35) ~[junit-platform-engine-1.12.2.jar:1.12.2]
	at org.junit.platform.engine.support.hierarchical.HierarchicalTestExecutor.execute(HierarchicalTestExecutor.java:57) ~[junit-platform-engine-1.12.2.jar:1.12.2]
	at org.junit.platform.engine.support.hierarchical.HierarchicalTestEngine.execute(HierarchicalTestEngine.java:54) ~[junit-platform-engine-1.12.2.jar:1.12.2]
	at org.junit.platform.launcher.core.EngineExecutionOrchestrator.execute(EngineExecutionOrchestrator.java:201) ~[junit-platform-launcher-1.12.2.jar:1.12.2]
	at org.junit.platform.launcher.core.EngineExecutionOrchestrator.execute(EngineExecutionOrchestrator.java:170) ~[junit-platform-launcher-1.12.2.jar:1.12.2]
	at org.junit.platform.launcher.core.EngineExecutionOrchestrator.execute(EngineExecutionOrchestrator.java:94) ~[junit-platform-launcher-1.12.2.jar:1.12.2]
	at org.junit.platform.launcher.core.EngineExecutionOrchestrator.lambda$execute$0(EngineExecutionOrchestrator.java:59) ~[junit-platform-launcher-1.12.2.jar:1.12.2]
	at org.junit.platform.launcher.core.EngineExecutionOrchestrator.withInterceptedStreams(EngineExecutionOrchestrator.java:142) ~[junit-platform-launcher-1.12.2.jar:1.12.2]
	at org.junit.platform.launcher.core.EngineExecutionOrchestrator.execute(EngineExecutionOrchestrator.java:58) ~[junit-platform-launcher-1.12.2.jar:1.12.2]
	at org.junit.platform.launcher.core.DefaultLauncher.execute(DefaultLauncher.java:103) ~[junit-platform-launcher-1.12.2.jar:1.12.2]
	at org.junit.platform.launcher.core.DefaultLauncher.execute(DefaultLauncher.java:85) ~[junit-platform-launcher-1.12.2.jar:1.12.2]
	at org.junit.platform.launcher.core.DelegatingLauncher.execute(DelegatingLauncher.java:47) ~[junit-platform-launcher-1.12.2.jar:1.12.2]
	at org.junit.platform.launcher.core.InterceptingLauncher.lambda$execute$1(InterceptingLauncher.java:39) ~[junit-platform-launcher-1.12.2.jar:1.12.2]
	at org.junit.platform.launcher.core.ClasspathAlignmentCheckingLauncherInterceptor.intercept(ClasspathAlignmentCheckingLauncherInterceptor.java:25) ~[junit-platform-launcher-1.12.2.jar:1.12.2]
	at org.junit.platform.launcher.core.InterceptingLauncher.execute(InterceptingLauncher.java:38) ~[junit-platform-launcher-1.12.2.jar:1.12.2]
	at org.junit.platform.launcher.core.DelegatingLauncher.execute(DelegatingLauncher.java:47) ~[junit-platform-launcher-1.12.2.jar:1.12.2]
	at org.apache.maven.surefire.junitplatform.LauncherAdapter.executeWithoutCancellationToken(LauncherAdapter.java:60) ~[surefire-junit-platform-3.5.5.jar:3.5.5]
	at org.apache.maven.surefire.junitplatform.LauncherAdapter.execute(LauncherAdapter.java:52) ~[surefire-junit-platform-3.5.5.jar:3.5.5]
	at org.apache.maven.surefire.junitplatform.JUnitPlatformProvider.execute(JUnitPlatformProvider.java:203) ~[surefire-junit-platform-3.5.5.jar:3.5.5]
	at org.apache.maven.surefire.junitplatform.JUnitPlatformProvider.invokeAllTests(JUnitPlatformProvider.java:168) ~[surefire-junit-platform-3.5.5.jar:3.5.5]
	at org.apache.maven.surefire.junitplatform.JUnitPlatformProvider.invoke(JUnitPlatformProvider.java:136) ~[surefire-junit-platform-3.5.5.jar:3.5.5]
	at org.apache.maven.surefire.booter.ForkedBooter.runSuitesInProcess(ForkedBooter.java:385) ~[surefire-booter-3.5.5.jar:3.5.5]
	at org.apache.maven.surefire.booter.ForkedBooter.execute(ForkedBooter.java:162) ~[surefire-booter-3.5.5.jar:3.5.5]
	at org.apache.maven.surefire.booter.ForkedBooter.run(ForkedBooter.java:507) ~[surefire-booter-3.5.5.jar:3.5.5]
	at org.apache.maven.surefire.booter.ForkedBooter.main(ForkedBooter.java:495) ~[surefire-booter-3.5.5.jar:3.5.5]

2026-06-29T10:21:48.943+09:00 DEBUG 7059 --- [todo] [           main] .m.m.a.ExceptionHandlerExceptionResolver : Using @ExceptionHandler com.example.todo.api.ApiExceptionHandler#handleTodoNotFound(TodoNotFoundException)
2026-06-29T10:21:48.943+09:00  WARN 7059 --- [todo] [           main] c.example.todo.api.ApiExceptionHandler   : API todo not found: ToDoが見つかりません (id=999999)
2026-06-29T10:21:48.943+09:00 DEBUG 7059 --- [todo] [           main] o.s.w.s.m.m.a.HttpEntityMethodProcessor  : Using 'application/json', given [*/*] and supported [application/json, application/*+json]
2026-06-29T10:21:48.943+09:00 DEBUG 7059 --- [todo] [           main] o.s.w.s.m.m.a.HttpEntityMethodProcessor  : Writing [ApiResponse(success=false, message=ToDoが見つかりません (id=999999), data=null)]
2026-06-29T10:21:48.944+09:00 DEBUG 7059 --- [todo] [           main] .m.m.a.ExceptionHandlerExceptionResolver : Resolved [com.example.todo.exception.TodoNotFoundException: ToDoが見つかりません (id=999999)]
]]></system-out>
  </testcase>
  <testcase name="createAndFindById_Returns201Then200" classname="com.example.todo.api.TodoApiControllerIntegrationTest" time="0.032">
    <system-out><![CDATA[2026-06-29T10:21:48.948+09:00 DEBUG 7059 --- [todo] [           main] o.s.jdbc.core.JdbcTemplate               : Executing prepared SQL update
2026-06-29T10:21:48.948+09:00 DEBUG 7059 --- [todo] [           main] o.s.jdbc.core.JdbcTemplate               : Executing prepared SQL statement [MERGE INTO users (id, username, password, role, enabled) KEY(id) VALUES (?, ?, ?, ?, ?)]
2026-06-29T10:21:48.948+09:00 DEBUG 7059 --- [todo] [           main] s.w.s.m.m.a.RequestMappingHandlerMapping : Mapped to com.example.todo.api.TodoApiController#create(TodoApiRequest)
2026-06-29T10:21:48.949+09:00  INFO 7059 --- [todo] [           main] com.example.todo.aspect.LoggingAspect    : [Before] method=LabelColorService.resolveForUser(..) args=[null]
2026-06-29T10:21:48.949+09:00  INFO 7059 --- [todo] [           main] c.example.todo.aspect.PerformanceAspect  : [Around] method=LabelColorService.resolveForUser(..) elapsedMs=0.009
2026-06-29T10:21:48.949+09:00  INFO 7059 --- [todo] [           main] com.example.todo.aspect.LoggingAspect    : [AfterReturning] method=LabelColorService.resolveForUser(..) return={statusCompleted=#198754, priorityMedium=#ffc107, priorityLow=#198754, statusOpen=#6c757d, priorityHigh=#dc3545}
2026-06-29T10:21:48.951+09:00 DEBUG 7059 --- [todo] [           main] m.m.a.RequestResponseBodyMethodProcessor : Read "application/json;charset=UTF-8" to [TodoApiRequest(title=integration title, author=integration author, priority=HIGH, categoryId=1, dead (truncated)...]
2026-06-29T10:21:48.957+09:00  INFO 7059 --- [todo] [           main] com.example.todo.aspect.LoggingAspect    : [Before] method=TodoService.insert(..) args=[Todo{id=null, title='integration title', author='integration author', userId=1, priority=HIGH, categoryId=1, deadline=2026-12-31, status=TODO, completed=false}]
2026-06-29T10:21:48.960+09:00  INFO 7059 --- [todo] [           main] com.example.todo.aspect.LoggingAspect    : [Before] method=AuditLogService.log(..) args=[TODO_CREATE, SUCCESS, todoId=34]
2026-06-29T10:21:48.961+09:00  INFO 7059 --- [todo] [           main] c.example.todo.aspect.PerformanceAspect  : [Around] method=AuditLogService.log(..) elapsedMs=1.232
2026-06-29T10:21:48.961+09:00  INFO 7059 --- [todo] [           main] com.example.todo.aspect.LoggingAspect    : [AfterReturning] method=AuditLogService.log(..) return=null
2026-06-29T10:21:48.962+09:00  INFO 7059 --- [todo] [           main] c.example.todo.aspect.PerformanceAspect  : [Around] method=TodoService.insert(..) elapsedMs=4.498
2026-06-29T10:21:48.962+09:00  INFO 7059 --- [todo] [           main] com.example.todo.aspect.LoggingAspect    : [AfterReturning] method=TodoService.insert(..) return=null
2026-06-29T10:21:48.965+09:00  INFO 7059 --- [todo] [           main] com.example.todo.aspect.LoggingAspect    : [Before] method=AuditLogService.logAudit(..) args=[TODO_CREATE, TODO, null, null, null, {"id":34,"title":"integration title","author":"integration author","userId":1,"priority":"HIGH","categoryId":1,"categoryName":null,"categoryColor":null,"deadline":"2026-12-31","displayOrder":1,"status":"TODO","completed":false,"hasAttachment":null,"createdAt":null}, 127.0.0.1, SUCCESS, OK]
2026-06-29T10:21:48.967+09:00  INFO 7059 --- [todo] [           main] c.example.todo.aspect.PerformanceAspect  : [Around] method=AuditLogService.logAudit(..) elapsedMs=2.059
2026-06-29T10:21:48.967+09:00  INFO 7059 --- [todo] [           main] com.example.todo.aspect.LoggingAspect    : [AfterReturning] method=AuditLogService.logAudit(..) return=null
2026-06-29T10:21:48.967+09:00  INFO 7059 --- [todo] [           main] com.example.todo.aspect.LoggingAspect    : [Before] method=TodoService.findById(..) args=[34]
2026-06-29T10:21:48.968+09:00  INFO 7059 --- [todo] [           main] c.example.todo.aspect.PerformanceAspect  : [Around] method=TodoService.findById(..) elapsedMs=1.114
2026-06-29T10:21:48.968+09:00  INFO 7059 --- [todo] [           main] com.example.todo.aspect.LoggingAspect    : [AfterReturning] method=TodoService.findById(..) return=Todo{id=34, title='integration title', author='integration author', userId=1, priority=HIGH, categoryId=1, deadline=2026-12-31, status=TODO, completed=false}
2026-06-29T10:21:48.969+09:00  INFO 7059 --- [todo] [   email-exec-1] com.example.todo.aspect.LoggingAspect    : [Before] method=AsyncEmailService.sendTodoCreatedNotification(..) args=[Todo{id=34, title='integration title', author='integration author', userId=1, priority=HIGH, categoryId=1, deadline=2026-12-31, status=TODO, completed=false}]
2026-06-29T10:21:48.970+09:00  INFO 7059 --- [todo] [   email-exec-1] c.example.todo.aspect.PerformanceAspect  : [Around] method=AsyncEmailService.sendTodoCreatedNotification(..) elapsedMs=0.138
2026-06-29T10:21:48.970+09:00 DEBUG 7059 --- [todo] [           main] o.s.w.s.m.m.a.HttpEntityMethodProcessor  : Using 'application/json', given [*/*] and supported [application/json]
2026-06-29T10:21:48.970+09:00  INFO 7059 --- [todo] [   email-exec-1] com.example.todo.aspect.LoggingAspect    : [AfterReturning] method=AsyncEmailService.sendTodoCreatedNotification(..) return=null
2026-06-29T10:21:48.970+09:00 DEBUG 7059 --- [todo] [           main] o.s.w.s.m.m.a.HttpEntityMethodProcessor  : Writing [ApiResponse(success=true, message=ToDoを作成しました, data=Todo{id=34, title='integration title', author='i (truncated)...]
2026-06-29T10:21:48.974+09:00 DEBUG 7059 --- [todo] [           main] s.w.s.m.m.a.RequestMappingHandlerMapping : Mapped to com.example.todo.api.TodoApiController#findById(Long)
2026-06-29T10:21:48.975+09:00  INFO 7059 --- [todo] [           main] com.example.todo.aspect.LoggingAspect    : [Before] method=LabelColorService.resolveForUser(..) args=[null]
2026-06-29T10:21:48.975+09:00  INFO 7059 --- [todo] [           main] c.example.todo.aspect.PerformanceAspect  : [Around] method=LabelColorService.resolveForUser(..) elapsedMs=0.011
2026-06-29T10:21:48.975+09:00  INFO 7059 --- [todo] [           main] com.example.todo.aspect.LoggingAspect    : [AfterReturning] method=LabelColorService.resolveForUser(..) return={statusCompleted=#198754, priorityMedium=#ffc107, priorityLow=#198754, statusOpen=#6c757d, priorityHigh=#dc3545}
2026-06-29T10:21:48.975+09:00  INFO 7059 --- [todo] [           main] com.example.todo.aspect.LoggingAspect    : [Before] method=TodoService.findByIdOrThrow(..) args=[34]
2026-06-29T10:21:48.975+09:00  INFO 7059 --- [todo] [           main] c.example.todo.aspect.PerformanceAspect  : [Around] method=TodoService.findByIdOrThrow(..) elapsedMs=0.034
2026-06-29T10:21:48.976+09:00  INFO 7059 --- [todo] [           main] com.example.todo.aspect.LoggingAspect    : [AfterReturning] method=TodoService.findByIdOrThrow(..) return=Todo{id=34, title='integration title', author='integration author', userId=1, priority=HIGH, categoryId=1, deadline=2026-12-31, status=TODO, completed=false}
2026-06-29T10:21:48.976+09:00 DEBUG 7059 --- [todo] [           main] o.s.w.s.m.m.a.HttpEntityMethodProcessor  : Using 'application/json', given [*/*] and supported [application/json]
2026-06-29T10:21:48.976+09:00 DEBUG 7059 --- [todo] [           main] o.s.w.s.m.m.a.HttpEntityMethodProcessor  : Writing [ApiResponse(success=true, message=ToDoを取得しました, data=Todo{id=34, title='integration title', author='i (truncated)...]
]]></system-out>
  </testcase>
  <testcase name="getPriorityStats_ReturnsGroupedCounts" classname="com.example.todo.api.TodoApiControllerIntegrationTest" time="0.008">
    <system-out><![CDATA[2026-06-29T10:21:48.981+09:00 DEBUG 7059 --- [todo] [           main] o.s.jdbc.core.JdbcTemplate               : Executing prepared SQL update
2026-06-29T10:21:48.981+09:00 DEBUG 7059 --- [todo] [           main] o.s.jdbc.core.JdbcTemplate               : Executing prepared SQL statement [MERGE INTO users (id, username, password, role, enabled) KEY(id) VALUES (?, ?, ?, ?, ?)]
2026-06-29T10:21:48.982+09:00 DEBUG 7059 --- [todo] [           main] o.s.jdbc.core.JdbcTemplate               : Executing prepared SQL update
2026-06-29T10:21:48.982+09:00 DEBUG 7059 --- [todo] [           main] o.s.jdbc.core.JdbcTemplate               : Executing prepared SQL statement [INSERT INTO todos (title, author, user_id, priority, category_id, deadline, completed) VALUES (?, ?, ?, ?, ?, ?, ?)]
2026-06-29T10:21:48.982+09:00 DEBUG 7059 --- [todo] [           main] o.s.jdbc.core.JdbcTemplate               : Executing prepared SQL update
2026-06-29T10:21:48.982+09:00 DEBUG 7059 --- [todo] [           main] o.s.jdbc.core.JdbcTemplate               : Executing prepared SQL statement [INSERT INTO todos (title, author, user_id, priority, category_id, deadline, completed) VALUES (?, ?, ?, ?, ?, ?, ?)]
2026-06-29T10:21:48.983+09:00 DEBUG 7059 --- [todo] [           main] o.s.jdbc.core.JdbcTemplate               : Executing prepared SQL update
2026-06-29T10:21:48.983+09:00 DEBUG 7059 --- [todo] [           main] o.s.jdbc.core.JdbcTemplate               : Executing prepared SQL statement [INSERT INTO todos (title, author, user_id, priority, category_id, deadline, completed) VALUES (?, ?, ?, ?, ?, ?, ?)]
2026-06-29T10:21:48.983+09:00 DEBUG 7059 --- [todo] [           main] o.s.jdbc.core.JdbcTemplate               : Executing prepared SQL update
2026-06-29T10:21:48.983+09:00 DEBUG 7059 --- [todo] [           main] o.s.jdbc.core.JdbcTemplate               : Executing prepared SQL statement [INSERT INTO todos (title, author, user_id, priority, category_id, deadline, completed) VALUES (?, ?, ?, ?, ?, ?, ?)]
2026-06-29T10:21:48.983+09:00 DEBUG 7059 --- [todo] [           main] s.w.s.m.m.a.RequestMappingHandlerMapping : Mapped to com.example.todo.api.TodoApiController#getPriorityStats(UserDetails)
2026-06-29T10:21:48.984+09:00  INFO 7059 --- [todo] [           main] com.example.todo.aspect.LoggingAspect    : [Before] method=LabelColorService.resolveForUser(..) args=[1]
2026-06-29T10:21:48.984+09:00  INFO 7059 --- [todo] [           main] c.example.todo.aspect.PerformanceAspect  : [Around] method=LabelColorService.resolveForUser(..) elapsedMs=0.171
2026-06-29T10:21:48.984+09:00  INFO 7059 --- [todo] [           main] com.example.todo.aspect.LoggingAspect    : [AfterReturning] method=LabelColorService.resolveForUser(..) return={statusCompleted=#198754, priorityMedium=#ffc107, priorityLow=#198754, statusOpen=#6c757d, priorityHigh=#dc3545}
2026-06-29T10:21:48.986+09:00 DEBUG 7059 --- [todo] [           main] o.s.w.s.m.m.a.HttpEntityMethodProcessor  : Using 'application/json', given [*/*] and supported [application/json]
2026-06-29T10:21:48.986+09:00 DEBUG 7059 --- [todo] [           main] o.s.w.s.m.m.a.HttpEntityMethodProcessor  : Writing [[com.example.todo.model.PriorityTaskCount@348d1a5e, com.example.todo.model.PriorityTaskCount@7f74616 (truncated)...]
]]></system-out>
  </testcase>
  <testcase name="listCalendarEvents_ReturnsDeadlineEventsWithColors" classname="com.example.todo.api.TodoApiControllerIntegrationTest" time="0.031">
    <system-out><![CDATA[2026-06-29T10:21:48.990+09:00 DEBUG 7059 --- [todo] [           main] o.s.jdbc.core.JdbcTemplate               : Executing prepared SQL update
2026-06-29T10:21:48.990+09:00 DEBUG 7059 --- [todo] [           main] o.s.jdbc.core.JdbcTemplate               : Executing prepared SQL statement [MERGE INTO users (id, username, password, role, enabled) KEY(id) VALUES (?, ?, ?, ?, ?)]
2026-06-29T10:21:48.990+09:00 DEBUG 7059 --- [todo] [           main] o.s.jdbc.core.JdbcTemplate               : Executing prepared SQL update
2026-06-29T10:21:48.990+09:00 DEBUG 7059 --- [todo] [           main] o.s.jdbc.core.JdbcTemplate               : Executing prepared SQL statement [INSERT INTO todos (title, author, user_id, priority, category_id, deadline, completed) VALUES (?, ?, ?, ?, ?, ?, ?)]
2026-06-29T10:21:48.991+09:00 DEBUG 7059 --- [todo] [           main] o.s.jdbc.core.JdbcTemplate               : Executing prepared SQL update
2026-06-29T10:21:48.991+09:00 DEBUG 7059 --- [todo] [           main] o.s.jdbc.core.JdbcTemplate               : Executing prepared SQL statement [INSERT INTO todos (title, author, user_id, priority, category_id, deadline, completed) VALUES (?, ?, ?, ?, ?, ?, ?)]
2026-06-29T10:21:48.992+09:00 DEBUG 7059 --- [todo] [           main] s.w.s.m.m.a.RequestMappingHandlerMapping : Mapped to com.example.todo.api.TodoApiController#listCalendarEvents(UserDetails)
2026-06-29T10:21:48.993+09:00  INFO 7059 --- [todo] [           main] com.example.todo.aspect.LoggingAspect    : [Before] method=LabelColorService.resolveForUser(..) args=[1]
2026-06-29T10:21:48.994+09:00  INFO 7059 --- [todo] [           main] c.example.todo.aspect.PerformanceAspect  : [Around] method=LabelColorService.resolveForUser(..) elapsedMs=0.346
2026-06-29T10:21:48.994+09:00  INFO 7059 --- [todo] [           main] com.example.todo.aspect.LoggingAspect    : [AfterReturning] method=LabelColorService.resolveForUser(..) return={statusCompleted=#198754, priorityMedium=#ffc107, priorityLow=#198754, statusOpen=#6c757d, priorityHigh=#dc3545}
2026-06-29T10:21:48.995+09:00  INFO 7059 --- [todo] [           main] com.example.todo.aspect.LoggingAspect    : [Before] method=TodoService.findAll(..) args=[1]
2026-06-29T10:21:48.996+09:00  INFO 7059 --- [todo] [           main] c.example.todo.aspect.PerformanceAspect  : [Around] method=TodoService.findAll(..) elapsedMs=1.350
2026-06-29T10:21:48.996+09:00  INFO 7059 --- [todo] [           main] com.example.todo.aspect.LoggingAspect    : [AfterReturning] method=TodoService.findAll(..) return=[Todo{id=39, title='未完了タスク', author='tester', userId=1, priority=MEDIUM, categoryId=1, deadline=2099-12-31, status=TODO, completed=false}, Todo{id=40, title='完了タスク', author='tester', userId=1, priority=HIGH, categoryId=1, deadline=2099-12-30, status=TODO, completed=true}]
2026-06-29T10:21:48.998+09:00 DEBUG 7059 --- [todo] [           main] o.s.w.s.m.m.a.HttpEntityMethodProcessor  : Using 'application/json', given [*/*] and supported [application/json]
2026-06-29T10:21:49.006+09:00 DEBUG 7059 --- [todo] [           main] o.s.w.s.m.m.a.HttpEntityMethodProcessor  : Writing [[CalendarEventResponse[id=39, title=未完了タスク, start=2099-12-31, allDay=true, url=/todo/39/edit, backgr (truncated)...]
]]></system-out>
  </testcase>
</testsuite>