<?xml version="1.0" encoding="UTF-8"?>
<testsuite xmlns:xsi="http://www.w3.org/2001/XMLSchema-instance" xsi:noNamespaceSchemaLocation="https://maven.apache.org/surefire/maven-surefire-plugin/xsd/surefire-test-report.xsd" version="3.0.2" name="com.example.todo.service.TodoServiceTest" time="0.13" tests="3" errors="0" skipped="0" failures="0" flakes="0">
  <properties>
[...]
</properties>
  <testcase name="deleteById_TargetExists_DeletesAndWritesAudit" classname="com.example.todo.service.TodoServiceTest" time="0.127"/>
  <testcase name="findByIdOrThrow_NotFound_ThrowsTodoNotFoundException" classname="com.example.todo.service.TodoServiceTest" time="0.001"/>
  <testcase name="findAll_MapperResultIsReturned" classname="com.example.todo.service.TodoServiceTest" time="0.0"/>
</testsuite>